#
# There is insufficient memory for the Java Runtime Environment to continue.
# Native memory allocation (malloc) failed to allocate 219456 bytes for Chunk::new
# Possible reasons:
#   The system is out of physical RAM or swap space
#   The process is running with CompressedOops enabled, and the Java Heap may be blocking the growth of the native heap
# Possible solutions:
#   Reduce memory load on the system
#   Increase physical memory or swap space
#   Check if swap backing store is full
#   Decrease Java heap size (-Xmx/-Xms)
#   Decrease number of Java threads
#   Decrease Java thread stack sizes (-Xss)
#   Set larger code cache with -XX:ReservedCodeCacheSize=
#   JVM is running with Unscaled Compressed Oops mode in which the Java heap is
#     placed in the first 4GB address space. The Java Heap base address is the
#     maximum limit for the native heap growth. Please use -XX:HeapBaseMinAddress
#     to set the Java Heap base and to place the Java Heap above 4GB virtual address.
# This output file may be truncated or incomplete.
#
#  Out of Memory Error (arena.cpp:189), pid=26000, tid=12776
#
# JRE version: Java(TM) SE Runtime Environment (17.0.1+12) (build 17.0.1+12-LTS-39)
# Java VM: Java HotSpot(TM) 64-Bit Server VM (17.0.1+12-LTS-39, mixed mode, sharing, tiered, compressed oops, compressed class ptrs, g1 gc, windows-amd64)
# No core dump will be written. Minidumps are not enabled by default on client versions of Windows
#

---------------  S U M M A R Y ------------

Command Line: -Dfile.encoding=UTF-8 --module-path=C:\Users\HP\Documents\NetBeansProjects\bank management system\build\classes bank.management.system.Login

Host: 11th Gen Intel(R) Core(TM) i5-1135G7 @ 2.40GHz, 8 cores, 7G,  Windows 10 , 64 bit Build 19041 (10.0.19041.3393)
Time: Mon Oct 23 17:36:56 2023 Sri Lanka Standard Time elapsed time: 0.253223 seconds (0d 0h 0m 0s)

---------------  T H R E A D  ---------------

Current thread (0x0000024465e50d10):  JavaThread "C2 CompilerThread0" daemon [_thread_in_native, id=12776, stack(0x00000076b6c00000,0x00000076b6d00000)]


Current CompileTask:
C2:    253  643   !   4       sun.awt.image.PNGImageDecoder::produceImage (1917 bytes)

Stack: [0x00000076b6c00000,0x00000076b6d00000]
Native frames: (J=compiled Java code, j=interpreted, Vv=VM code, C=native code)
V  [jvm.dll+0x66fa1a]
V  [jvm.dll+0x7ce5a4]
V  [jvm.dll+0x7cfd4e]
V  [jvm.dll+0x7d03b3]
V  [jvm.dll+0x242b05]
V  [jvm.dll+0xaa05b]
V  [jvm.dll+0xaa5ec]
V  [jvm.dll+0x2a953f]
V  [jvm.dll+0x5785a9]
V  [jvm.dll+0x21dd7d]
V  [jvm.dll+0x2175a1]
V  [jvm.dll+0x214f05]
V  [jvm.dll+0x1a168d]
V  [jvm.dll+0x224848]
V  [jvm.dll+0x2229ac]
V  [jvm.dll+0x78435b]
V  [jvm.dll+0x77e91a]
V  [jvm.dll+0x66e845]
C  [ucrtbase.dll+0x21bb2]
C  [KERNEL32.DLL+0x17344]
C  [ntdll.dll+0x526b1]


---------------  P R O C E S S  ---------------

Threads class SMR info:
_java_thread_list=0x0000024466aef5d0, length=17, elements={
0x0000024447f2c540, 0x0000024465e36f30, 0x0000024465e37ae0, 0x0000024465e49610,
0x0000024465e4bfe0, 0x0000024465e4e9a0, 0x0000024465e4f560, 0x0000024465e50d10,
0x0000024465e51bc0, 0x0000024465e539d0, 0x0000024465e1f9b0, 0x00000244668ddbe0,
0x00000244668efdd0, 0x0000024466afed40, 0x0000024466ac9230, 0x0000024466ac9f20,
0x0000024466b93010
}

Java Threads: ( => current thread )
  0x0000024447f2c540 JavaThread "main" [_thread_in_native, id=16672, stack(0x00000076b5f00000,0x00000076b6000000)]
  0x0000024465e36f30 JavaThread "Reference Handler" daemon [_thread_blocked, id=3948, stack(0x00000076b6600000,0x00000076b6700000)]
  0x0000024465e37ae0 JavaThread "Finalizer" daemon [_thread_blocked, id=12240, stack(0x00000076b6700000,0x00000076b6800000)]
  0x0000024465e49610 JavaThread "Signal Dispatcher" daemon [_thread_blocked, id=23688, stack(0x00000076b6800000,0x00000076b6900000)]
  0x0000024465e4bfe0 JavaThread "Attach Listener" daemon [_thread_blocked, id=25620, stack(0x00000076b6900000,0x00000076b6a00000)]
  0x0000024465e4e9a0 JavaThread "Service Thread" daemon [_thread_blocked, id=27024, stack(0x00000076b6a00000,0x00000076b6b00000)]
  0x0000024465e4f560 JavaThread "Monitor Deflation Thread" daemon [_thread_blocked, id=4632, stack(0x00000076b6b00000,0x00000076b6c00000)]
=>0x0000024465e50d10 JavaThread "C2 CompilerThread0" daemon [_thread_in_native, id=12776, stack(0x00000076b6c00000,0x00000076b6d00000)]
  0x0000024465e51bc0 JavaThread "C1 CompilerThread0" daemon [_thread_blocked, id=27596, stack(0x00000076b6d00000,0x00000076b6e00000)]
  0x0000024465e539d0 JavaThread "Sweeper thread" daemon [_thread_blocked, id=10420, stack(0x00000076b6e00000,0x00000076b6f00000)]
  0x0000024465e1f9b0 JavaThread "Common-Cleaner" daemon [_thread_blocked, id=27624, stack(0x00000076b6f00000,0x00000076b7000000)]
  0x00000244668ddbe0 JavaThread "C2 CompilerThread1" daemon [_thread_in_native, id=17604, stack(0x00000076b7000000,0x00000076b7100000)]
  0x00000244668efdd0 JavaThread "Notification Thread" daemon [_thread_blocked, id=27572, stack(0x00000076b7100000,0x00000076b7200000)]
  0x0000024466afed40 JavaThread "Java2D Disposer" daemon [_thread_blocked, id=15256, stack(0x00000076b7300000,0x00000076b7400000)]
  0x0000024466ac9230 JavaThread "AWT-Shutdown" [_thread_blocked, id=14252, stack(0x00000076b7400000,0x00000076b7500000)]
  0x0000024466ac9f20 JavaThread "AWT-Windows" daemon [_thread_in_vm, id=26536, stack(0x00000076b7500000,0x00000076b7600000)]
  0x0000024466b93010 JavaThread "Image Fetcher 0" daemon [_thread_blocked, id=25672, stack(0x00000076b7600000,0x00000076b7700000)]

Other Threads:
  0x0000024465e2f7c0 VMThread "VM Thread" [stack: 0x00000076b6500000,0x00000076b6600000] [id=12748]
  0x0000024447f88240 WatcherThread [stack: 0x00000076b7200000,0x00000076b7300000] [id=24052]
  0x0000024447f69d80 GCTaskThread "GC Thread#0" [stack: 0x00000076b6000000,0x00000076b6100000] [id=23788]
  0x0000024447f7b950 ConcurrentGCThread "G1 Main Marker" [stack: 0x00000076b6100000,0x00000076b6200000] [id=21256]
  0x0000024447f7c360 ConcurrentGCThread "G1 Conc#0" [stack: 0x00000076b6200000,0x00000076b6300000] [id=11128]
  0x00000244480063d0 ConcurrentGCThread "G1 Refine#0" [stack: 0x00000076b6300000,0x00000076b6400000] [id=16876]
  0x0000024448006df0 ConcurrentGCThread "G1 Service" [stack: 0x00000076b6400000,0x00000076b6500000] [id=4724]

Threads with active compile tasks:
C2 CompilerThread0      263  643   !   4       sun.awt.image.PNGImageDecoder::produceImage (1917 bytes)
C2 CompilerThread1      263  650       4       sun.awt.image.PNGImageDecoder::filterRow (460 bytes)

VM state: not at safepoint (normal execution)

VM Mutex/Monitor currently owned by a thread:  ([mutex/lock_event])
[0x0000024447f25dc0] Metaspace_lock - owner thread: 0x0000024466ac9f20

Heap address: 0x0000000083c00000, size: 1988 MB, Compressed Oops mode: 32-bit

CDS archive(s) mapped at: [0x0000000800000000-0x0000000800bc0000-0x0000000800bc0000), size 12320768, SharedBaseAddress: 0x0000000800000000, ArchiveRelocationMode: 0.
Compressed class space mapped at: 0x0000000800c00000-0x0000000840c00000, reserved size: 1073741824
Narrow klass base: 0x0000000800000000, Narrow klass shift: 0, Narrow klass range: 0x100000000

GC Precious Log:
 CPUs: 8 total, 8 available
 Memory: 7948M
 Large Page Support: Disabled
 NUMA Support: Disabled
 Compressed Oops: Enabled (32-bit)
 Heap Region Size: 1M
 Heap Min Capacity: 8M
 Heap Initial Capacity: 126M
 Heap Max Capacity: 1988M
 Pre-touch: Disabled
 Parallel Workers: 8
 Concurrent Workers: 2
 Concurrent Refinement Workers: 8
 Periodic GC: Disabled

Heap:
 garbage-first heap   total 129024K, used 9216K [0x0000000083c00000, 0x0000000100000000)
  region size 1024K, 8 young (8192K), 0 survivors (0K)
 Metaspace       used 5941K, committed 6144K, reserved 1056768K
  class space    used 683K, committed 832K, reserved 1048576K

Heap Regions: E=young(eden), S=young(survivor), O=old, HS=humongous(starts), HC=humongous(continues), CS=collection set, F=free, OA=open archive, CA=closed archive, TAMS=top-at-mark-start (previous, next)
|   0|0x0000000083c00000, 0x0000000083d00000, 0x0000000083d00000|100%|HS|  |TAMS 0x0000000083c00000, 0x0000000083c00000| Complete 
|   1|0x0000000083d00000, 0x0000000083e00000, 0x0000000083e00000|100%|HC|  |TAMS 0x0000000083d00000, 0x0000000083d00000| Complete 
|   2|0x0000000083e00000, 0x0000000083e00000, 0x0000000083f00000|  0%| F|  |TAMS 0x0000000083e00000, 0x0000000083e00000| Untracked 
|   3|0x0000000083f00000, 0x0000000083f00000, 0x0000000084000000|  0%| F|  |TAMS 0x0000000083f00000, 0x0000000083f00000| Untracked 
|   4|0x0000000084000000, 0x0000000084000000, 0x0000000084100000|  0%| F|  |TAMS 0x0000000084000000, 0x0000000084000000| Untracked 
|   5|0x0000000084100000, 0x0000000084100000, 0x0000000084200000|  0%| F|  |TAMS 0x0000000084100000, 0x0000000084100000| Untracked 
|   6|0x0000000084200000, 0x0000000084200000, 0x0000000084300000|  0%| F|  |TAMS 0x0000000084200000, 0x0000000084200000| Untracked 
|   7|0x0000000084300000, 0x0000000084300000, 0x0000000084400000|  0%| F|  |TAMS 0x0000000084300000, 0x0000000084300000| Untracked 
|   8|0x0000000084400000, 0x0000000084400000, 0x0000000084500000|  0%| F|  |TAMS 0x0000000084400000, 0x0000000084400000| Untracked 
|   9|0x0000000084500000, 0x0000000084500000, 0x0000000084600000|  0%| F|  |TAMS 0x0000000084500000, 0x0000000084500000| Untracked 
|  10|0x0000000084600000, 0x0000000084600000, 0x0000000084700000|  0%| F|  |TAMS 0x0000000084600000, 0x0000000084600000| Untracked 
|  11|0x0000000084700000, 0x0000000084700000, 0x0000000084800000|  0%| F|  |TAMS 0x0000000084700000, 0x0000000084700000| Untracked 
|  12|0x0000000084800000, 0x0000000084800000, 0x0000000084900000|  0%| F|  |TAMS 0x0000000084800000, 0x0000000084800000| Untracked 
|  13|0x0000000084900000, 0x0000000084900000, 0x0000000084a00000|  0%| F|  |TAMS 0x0000000084900000, 0x0000000084900000| Untracked 
|  14|0x0000000084a00000, 0x0000000084a00000, 0x0000000084b00000|  0%| F|  |TAMS 0x0000000084a00000, 0x0000000084a00000| Untracked 
|  15|0x0000000084b00000, 0x0000000084b00000, 0x0000000084c00000|  0%| F|  |TAMS 0x0000000084b00000, 0x0000000084b00000| Untracked 
|  16|0x0000000084c00000, 0x0000000084c00000, 0x0000000084d00000|  0%| F|  |TAMS 0x0000000084c00000, 0x0000000084c00000| Untracked 
|  17|0x0000000084d00000, 0x0000000084d00000, 0x0000000084e00000|  0%| F|  |TAMS 0x0000000084d00000, 0x0000000084d00000| Untracked 
|  18|0x0000000084e00000, 0x0000000084e00000, 0x0000000084f00000|  0%| F|  |TAMS 0x0000000084e00000, 0x0000000084e00000| Untracked 
|  19|0x0000000084f00000, 0x0000000084f00000, 0x0000000085000000|  0%| F|  |TAMS 0x0000000084f00000, 0x0000000084f00000| Untracked 
|  20|0x0000000085000000, 0x0000000085000000, 0x0000000085100000|  0%| F|  |TAMS 0x0000000085000000, 0x0000000085000000| Untracked 
|  21|0x0000000085100000, 0x0000000085100000, 0x0000000085200000|  0%| F|  |TAMS 0x0000000085100000, 0x0000000085100000| Untracked 
|  22|0x0000000085200000, 0x0000000085200000, 0x0000000085300000|  0%| F|  |TAMS 0x0000000085200000, 0x0000000085200000| Untracked 
|  23|0x0000000085300000, 0x0000000085300000, 0x0000000085400000|  0%| F|  |TAMS 0x0000000085300000, 0x0000000085300000| Untracked 
|  24|0x0000000085400000, 0x0000000085400000, 0x0000000085500000|  0%| F|  |TAMS 0x0000000085400000, 0x0000000085400000| Untracked 
|  25|0x0000000085500000, 0x0000000085500000, 0x0000000085600000|  0%| F|  |TAMS 0x0000000085500000, 0x0000000085500000| Untracked 
|  26|0x0000000085600000, 0x0000000085600000, 0x0000000085700000|  0%| F|  |TAMS 0x0000000085600000, 0x0000000085600000| Untracked 
|  27|0x0000000085700000, 0x0000000085700000, 0x0000000085800000|  0%| F|  |TAMS 0x0000000085700000, 0x0000000085700000| Untracked 
|  28|0x0000000085800000, 0x0000000085800000, 0x0000000085900000|  0%| F|  |TAMS 0x0000000085800000, 0x0000000085800000| Untracked 
|  29|0x0000000085900000, 0x0000000085900000, 0x0000000085a00000|  0%| F|  |TAMS 0x0000000085900000, 0x0000000085900000| Untracked 
|  30|0x0000000085a00000, 0x0000000085a00000, 0x0000000085b00000|  0%| F|  |TAMS 0x0000000085a00000, 0x0000000085a00000| Untracked 
|  31|0x0000000085b00000, 0x0000000085b00000, 0x0000000085c00000|  0%| F|  |TAMS 0x0000000085b00000, 0x0000000085b00000| Untracked 
|  32|0x0000000085c00000, 0x0000000085c00000, 0x0000000085d00000|  0%| F|  |TAMS 0x0000000085c00000, 0x0000000085c00000| Untracked 
|  33|0x0000000085d00000, 0x0000000085d00000, 0x0000000085e00000|  0%| F|  |TAMS 0x0000000085d00000, 0x0000000085d00000| Untracked 
|  34|0x0000000085e00000, 0x0000000085e00000, 0x0000000085f00000|  0%| F|  |TAMS 0x0000000085e00000, 0x0000000085e00000| Untracked 
|  35|0x0000000085f00000, 0x0000000085f00000, 0x0000000086000000|  0%| F|  |TAMS 0x0000000085f00000, 0x0000000085f00000| Untracked 
|  36|0x0000000086000000, 0x0000000086000000, 0x0000000086100000|  0%| F|  |TAMS 0x0000000086000000, 0x0000000086000000| Untracked 
|  37|0x0000000086100000, 0x0000000086100000, 0x0000000086200000|  0%| F|  |TAMS 0x0000000086100000, 0x0000000086100000| Untracked 
|  38|0x0000000086200000, 0x0000000086200000, 0x0000000086300000|  0%| F|  |TAMS 0x0000000086200000, 0x0000000086200000| Untracked 
|  39|0x0000000086300000, 0x0000000086300000, 0x0000000086400000|  0%| F|  |TAMS 0x0000000086300000, 0x0000000086300000| Untracked 
|  40|0x0000000086400000, 0x0000000086400000, 0x0000000086500000|  0%| F|  |TAMS 0x0000000086400000, 0x0000000086400000| Untracked 
|  41|0x0000000086500000, 0x0000000086500000, 0x0000000086600000|  0%| F|  |TAMS 0x0000000086500000, 0x0000000086500000| Untracked 
|  42|0x0000000086600000, 0x0000000086600000, 0x0000000086700000|  0%| F|  |TAMS 0x0000000086600000, 0x0000000086600000| Untracked 
|  43|0x0000000086700000, 0x0000000086700000, 0x0000000086800000|  0%| F|  |TAMS 0x0000000086700000, 0x0000000086700000| Untracked 
|  44|0x0000000086800000, 0x0000000086800000, 0x0000000086900000|  0%| F|  |TAMS 0x0000000086800000, 0x0000000086800000| Untracked 
|  45|0x0000000086900000, 0x0000000086900000, 0x0000000086a00000|  0%| F|  |TAMS 0x0000000086900000, 0x0000000086900000| Untracked 
|  46|0x0000000086a00000, 0x0000000086a00000, 0x0000000086b00000|  0%| F|  |TAMS 0x0000000086a00000, 0x0000000086a00000| Untracked 
|  47|0x0000000086b00000, 0x0000000086b00000, 0x0000000086c00000|  0%| F|  |TAMS 0x0000000086b00000, 0x0000000086b00000| Untracked 
|  48|0x0000000086c00000, 0x0000000086c00000, 0x0000000086d00000|  0%| F|  |TAMS 0x0000000086c00000, 0x0000000086c00000| Untracked 
|  49|0x0000000086d00000, 0x0000000086d00000, 0x0000000086e00000|  0%| F|  |TAMS 0x0000000086d00000, 0x0000000086d00000| Untracked 
|  50|0x0000000086e00000, 0x0000000086e00000, 0x0000000086f00000|  0%| F|  |TAMS 0x0000000086e00000, 0x0000000086e00000| Untracked 
|  51|0x0000000086f00000, 0x0000000086f00000, 0x0000000087000000|  0%| F|  |TAMS 0x0000000086f00000, 0x0000000086f00000| Untracked 
|  52|0x0000000087000000, 0x0000000087000000, 0x0000000087100000|  0%| F|  |TAMS 0x0000000087000000, 0x0000000087000000| Untracked 
|  53|0x0000000087100000, 0x0000000087100000, 0x0000000087200000|  0%| F|  |TAMS 0x0000000087100000, 0x0000000087100000| Untracked 
|  54|0x0000000087200000, 0x0000000087200000, 0x0000000087300000|  0%| F|  |TAMS 0x0000000087200000, 0x0000000087200000| Untracked 
|  55|0x0000000087300000, 0x0000000087300000, 0x0000000087400000|  0%| F|  |TAMS 0x0000000087300000, 0x0000000087300000| Untracked 
|  56|0x0000000087400000, 0x0000000087400000, 0x0000000087500000|  0%| F|  |TAMS 0x0000000087400000, 0x0000000087400000| Untracked 
|  57|0x0000000087500000, 0x0000000087500000, 0x0000000087600000|  0%| F|  |TAMS 0x0000000087500000, 0x0000000087500000| Untracked 
|  58|0x0000000087600000, 0x0000000087600000, 0x0000000087700000|  0%| F|  |TAMS 0x0000000087600000, 0x0000000087600000| Untracked 
|  59|0x0000000087700000, 0x0000000087700000, 0x0000000087800000|  0%| F|  |TAMS 0x0000000087700000, 0x0000000087700000| Untracked 
|  60|0x0000000087800000, 0x0000000087800000, 0x0000000087900000|  0%| F|  |TAMS 0x0000000087800000, 0x0000000087800000| Untracked 
|  61|0x0000000087900000, 0x0000000087900000, 0x0000000087a00000|  0%| F|  |TAMS 0x0000000087900000, 0x0000000087900000| Untracked 
|  62|0x0000000087a00000, 0x0000000087a00000, 0x0000000087b00000|  0%| F|  |TAMS 0x0000000087a00000, 0x0000000087a00000| Untracked 
|  63|0x0000000087b00000, 0x0000000087b00000, 0x0000000087c00000|  0%| F|  |TAMS 0x0000000087b00000, 0x0000000087b00000| Untracked 
|  64|0x0000000087c00000, 0x0000000087c00000, 0x0000000087d00000|  0%| F|  |TAMS 0x0000000087c00000, 0x0000000087c00000| Untracked 
|  65|0x0000000087d00000, 0x0000000087d00000, 0x0000000087e00000|  0%| F|  |TAMS 0x0000000087d00000, 0x0000000087d00000| Untracked 
|  66|0x0000000087e00000, 0x0000000087e00000, 0x0000000087f00000|  0%| F|  |TAMS 0x0000000087e00000, 0x0000000087e00000| Untracked 
|  67|0x0000000087f00000, 0x0000000087f00000, 0x0000000088000000|  0%| F|  |TAMS 0x0000000087f00000, 0x0000000087f00000| Untracked 
|  68|0x0000000088000000, 0x0000000088000000, 0x0000000088100000|  0%| F|  |TAMS 0x0000000088000000, 0x0000000088000000| Untracked 
|  69|0x0000000088100000, 0x0000000088100000, 0x0000000088200000|  0%| F|  |TAMS 0x0000000088100000, 0x0000000088100000| Untracked 
|  70|0x0000000088200000, 0x0000000088200000, 0x0000000088300000|  0%| F|  |TAMS 0x0000000088200000, 0x0000000088200000| Untracked 
|  71|0x0000000088300000, 0x0000000088300000, 0x0000000088400000|  0%| F|  |TAMS 0x0000000088300000, 0x0000000088300000| Untracked 
|  72|0x0000000088400000, 0x0000000088400000, 0x0000000088500000|  0%| F|  |TAMS 0x0000000088400000, 0x0000000088400000| Untracked 
|  73|0x0000000088500000, 0x0000000088500000, 0x0000000088600000|  0%| F|  |TAMS 0x0000000088500000, 0x0000000088500000| Untracked 
|  74|0x0000000088600000, 0x0000000088600000, 0x0000000088700000|  0%| F|  |TAMS 0x0000000088600000, 0x0000000088600000| Untracked 
|  75|0x0000000088700000, 0x0000000088700000, 0x0000000088800000|  0%| F|  |TAMS 0x0000000088700000, 0x0000000088700000| Untracked 
|  76|0x0000000088800000, 0x0000000088800000, 0x0000000088900000|  0%| F|  |TAMS 0x0000000088800000, 0x0000000088800000| Untracked 
|  77|0x0000000088900000, 0x0000000088900000, 0x0000000088a00000|  0%| F|  |TAMS 0x0000000088900000, 0x0000000088900000| Untracked 
|  78|0x0000000088a00000, 0x0000000088a00000, 0x0000000088b00000|  0%| F|  |TAMS 0x0000000088a00000, 0x0000000088a00000| Untracked 
|  79|0x0000000088b00000, 0x0000000088b00000, 0x0000000088c00000|  0%| F|  |TAMS 0x0000000088b00000, 0x0000000088b00000| Untracked 
|  80|0x0000000088c00000, 0x0000000088c00000, 0x0000000088d00000|  0%| F|  |TAMS 0x0000000088c00000, 0x0000000088c00000| Untracked 
|  81|0x0000000088d00000, 0x0000000088d00000, 0x0000000088e00000|  0%| F|  |TAMS 0x0000000088d00000, 0x0000000088d00000| Untracked 
|  82|0x0000000088e00000, 0x0000000088e00000, 0x0000000088f00000|  0%| F|  |TAMS 0x0000000088e00000, 0x0000000088e00000| Untracked 
|  83|0x0000000088f00000, 0x0000000088f00000, 0x0000000089000000|  0%| F|  |TAMS 0x0000000088f00000, 0x0000000088f00000| Untracked 
|  84|0x0000000089000000, 0x0000000089000000, 0x0000000089100000|  0%| F|  |TAMS 0x0000000089000000, 0x0000000089000000| Untracked 
|  85|0x0000000089100000, 0x0000000089100000, 0x0000000089200000|  0%| F|  |TAMS 0x0000000089100000, 0x0000000089100000| Untracked 
|  86|0x0000000089200000, 0x0000000089200000, 0x0000000089300000|  0%| F|  |TAMS 0x0000000089200000, 0x0000000089200000| Untracked 
|  87|0x0000000089300000, 0x0000000089300000, 0x0000000089400000|  0%| F|  |TAMS 0x0000000089300000, 0x0000000089300000| Untracked 
|  88|0x0000000089400000, 0x0000000089400000, 0x0000000089500000|  0%| F|  |TAMS 0x0000000089400000, 0x0000000089400000| Untracked 
|  89|0x0000000089500000, 0x0000000089500000, 0x0000000089600000|  0%| F|  |TAMS 0x0000000089500000, 0x0000000089500000| Untracked 
|  90|0x0000000089600000, 0x0000000089600000, 0x0000000089700000|  0%| F|  |TAMS 0x0000000089600000, 0x0000000089600000| Untracked 
|  91|0x0000000089700000, 0x0000000089700000, 0x0000000089800000|  0%| F|  |TAMS 0x0000000089700000, 0x0000000089700000| Untracked 
|  92|0x0000000089800000, 0x0000000089800000, 0x0000000089900000|  0%| F|  |TAMS 0x0000000089800000, 0x0000000089800000| Untracked 
|  93|0x0000000089900000, 0x0000000089900000, 0x0000000089a00000|  0%| F|  |TAMS 0x0000000089900000, 0x0000000089900000| Untracked 
|  94|0x0000000089a00000, 0x0000000089a00000, 0x0000000089b00000|  0%| F|  |TAMS 0x0000000089a00000, 0x0000000089a00000| Untracked 
|  95|0x0000000089b00000, 0x0000000089b00000, 0x0000000089c00000|  0%| F|  |TAMS 0x0000000089b00000, 0x0000000089b00000| Untracked 
|  96|0x0000000089c00000, 0x0000000089c00000, 0x0000000089d00000|  0%| F|  |TAMS 0x0000000089c00000, 0x0000000089c00000| Untracked 
|  97|0x0000000089d00000, 0x0000000089d00000, 0x0000000089e00000|  0%| F|  |TAMS 0x0000000089d00000, 0x0000000089d00000| Untracked 
|  98|0x0000000089e00000, 0x0000000089e00000, 0x0000000089f00000|  0%| F|  |TAMS 0x0000000089e00000, 0x0000000089e00000| Untracked 
|  99|0x0000000089f00000, 0x0000000089f00000, 0x000000008a000000|  0%| F|  |TAMS 0x0000000089f00000, 0x0000000089f00000| Untracked 
| 100|0x000000008a000000, 0x000000008a000000, 0x000000008a100000|  0%| F|  |TAMS 0x000000008a000000, 0x000000008a000000| Untracked 
| 101|0x000000008a100000, 0x000000008a100000, 0x000000008a200000|  0%| F|  |TAMS 0x000000008a100000, 0x000000008a100000| Untracked 
| 102|0x000000008a200000, 0x000000008a200000, 0x000000008a300000|  0%| F|  |TAMS 0x000000008a200000, 0x000000008a200000| Untracked 
| 103|0x000000008a300000, 0x000000008a300000, 0x000000008a400000|  0%| F|  |TAMS 0x000000008a300000, 0x000000008a300000| Untracked 
| 104|0x000000008a400000, 0x000000008a400000, 0x000000008a500000|  0%| F|  |TAMS 0x000000008a400000, 0x000000008a400000| Untracked 
| 105|0x000000008a500000, 0x000000008a500000, 0x000000008a600000|  0%| F|  |TAMS 0x000000008a500000, 0x000000008a500000| Untracked 
| 106|0x000000008a600000, 0x000000008a600000, 0x000000008a700000|  0%| F|  |TAMS 0x000000008a600000, 0x000000008a600000| Untracked 
| 107|0x000000008a700000, 0x000000008a700000, 0x000000008a800000|  0%| F|  |TAMS 0x000000008a700000, 0x000000008a700000| Untracked 
| 108|0x000000008a800000, 0x000000008a800000, 0x000000008a900000|  0%| F|  |TAMS 0x000000008a800000, 0x000000008a800000| Untracked 
| 109|0x000000008a900000, 0x000000008a900000, 0x000000008aa00000|  0%| F|  |TAMS 0x000000008a900000, 0x000000008a900000| Untracked 
| 110|0x000000008aa00000, 0x000000008aa00000, 0x000000008ab00000|  0%| F|  |TAMS 0x000000008aa00000, 0x000000008aa00000| Untracked 
| 111|0x000000008ab00000, 0x000000008ab00000, 0x000000008ac00000|  0%| F|  |TAMS 0x000000008ab00000, 0x000000008ab00000| Untracked 
| 112|0x000000008ac00000, 0x000000008ac00000, 0x000000008ad00000|  0%| F|  |TAMS 0x000000008ac00000, 0x000000008ac00000| Untracked 
| 113|0x000000008ad00000, 0x000000008ad00000, 0x000000008ae00000|  0%| F|  |TAMS 0x000000008ad00000, 0x000000008ad00000| Untracked 
| 114|0x000000008ae00000, 0x000000008ae00000, 0x000000008af00000|  0%| F|  |TAMS 0x000000008ae00000, 0x000000008ae00000| Untracked 
| 115|0x000000008af00000, 0x000000008af00000, 0x000000008b000000|  0%| F|  |TAMS 0x000000008af00000, 0x000000008af00000| Untracked 
| 116|0x000000008b000000, 0x000000008b000000, 0x000000008b100000|  0%| F|  |TAMS 0x000000008b000000, 0x000000008b000000| Untracked 
| 117|0x000000008b100000, 0x000000008b100000, 0x000000008b200000|  0%| F|  |TAMS 0x000000008b100000, 0x000000008b100000| Untracked 
| 118|0x000000008b200000, 0x000000008b276460, 0x000000008b300000| 46%| E|  |TAMS 0x000000008b200000, 0x000000008b200000| Complete 
| 119|0x000000008b300000, 0x000000008b400000, 0x000000008b400000|100%| E|CS|TAMS 0x000000008b300000, 0x000000008b300000| Complete 
| 120|0x000000008b400000, 0x000000008b500000, 0x000000008b500000|100%| E|CS|TAMS 0x000000008b400000, 0x000000008b400000| Complete 
| 121|0x000000008b500000, 0x000000008b600000, 0x000000008b600000|100%| E|CS|TAMS 0x000000008b500000, 0x000000008b500000| Complete 
| 122|0x000000008b600000, 0x000000008b700000, 0x000000008b700000|100%| E|CS|TAMS 0x000000008b600000, 0x000000008b600000| Complete 
| 123|0x000000008b700000, 0x000000008b800000, 0x000000008b800000|100%| E|CS|TAMS 0x000000008b700000, 0x000000008b700000| Complete 
| 124|0x000000008b800000, 0x000000008b900000, 0x000000008b900000|100%| E|CS|TAMS 0x000000008b800000, 0x000000008b800000| Complete 
| 125|0x000000008b900000, 0x000000008ba00000, 0x000000008ba00000|100%| E|CS|TAMS 0x000000008b900000, 0x000000008b900000| Complete 

Card table byte_map: [0x000002445ee70000,0x000002445f260000] _byte_map_base: 0x000002445ea52000

Marking Bits (Prev, Next): (CMBitMap*) 0x0000024447f6b7a0, (CMBitMap*) 0x0000024447f6b7e0
 Prev Bits: [0x000002445f650000, 0x0000024461560000)
 Next Bits: [0x0000024461560000, 0x0000024463470000)

Polling page: 0x0000024445e90000

Metaspace:

Usage:
  Non-class:      5.14 MB used.
      Class:    683.12 KB used.
       Both:      5.80 MB used.

Virtual space:
  Non-class space:        8.00 MB reserved,       5.19 MB ( 65%) committed,  1 nodes.
      Class space:        1.00 GB reserved,     832.00 KB ( <1%) committed,  1 nodes.
             Both:        1.01 GB reserved,       6.00 MB ( <1%) committed. 

Chunk freelists:
   Non-Class:  2.40 MB
       Class:  3.25 MB
        Both:  5.65 MB

MaxMetaspaceSize: unlimited
CompressedClassSpaceSize: 1.00 GB
Initial GC threshold: 21.00 MB
Current GC threshold: 21.00 MB
CDS: on
MetaspaceReclaimPolicy: balanced
 - commit_granule_bytes: 65536.
 - commit_granule_words: 8192.
 - virtual_space_node_default_size: 1048576.
 - enlarge_chunks_in_place: 1.
 - new_chunks_are_fully_committed: 0.
 - uncommit_free_chunks: 1.
 - use_allocation_guard: 0.
 - handle_deallocations: 1.


Internal statistics:

num_allocs_failed_limit: 0.
num_arena_births: 98.
num_arena_deaths: 0.
num_vsnodes_births: 2.
num_vsnodes_deaths: 0.
num_space_committed: 96.
num_space_uncommitted: 0.
num_chunks_returned_to_freelist: 0.
num_chunks_taken_from_freelist: 134.
num_chunk_merges: 0.
num_chunk_splits: 71.
num_chunks_enlarged: 20.
num_purges: 0.
num_inconsistent_stats: 0.

CodeHeap 'non-profiled nmethods': size=120000Kb used=203Kb max_used=203Kb free=119796Kb
 bounds [0x0000024457210000, 0x0000024457480000, 0x000002445e740000]
CodeHeap 'profiled nmethods': size=120000Kb used=1148Kb max_used=1148Kb free=118851Kb
 bounds [0x000002444fce0000, 0x000002444ff50000, 0x0000024457210000]
CodeHeap 'non-nmethods': size=5760Kb used=1228Kb max_used=1239Kb free=4531Kb
 bounds [0x000002444f740000, 0x000002444f9b0000, 0x000002444fce0000]
 total_blobs=1214 nmethods=686 adapters=441
 compilation: enabled
              stopped_count=0, restarted_count=0
 full_count=0

Compilation events (20 events):
Event: 0.213 Thread 0x0000024465e51bc0  640       3       java.awt.image.ReplicateScaleFilter::setPixels (226 bytes)
Event: 0.214 Thread 0x0000024465e51bc0 nmethod 640 0x000002444fdec090 code [0x000002444fdec2a0, 0x000002444fdecc78]
Event: 0.214 Thread 0x0000024465e51bc0  641       3       sun.awt.image.ImageWatched$WeakLink::lambda$update$0 (19 bytes)
Event: 0.215 Thread 0x0000024465e51bc0 nmethod 641 0x000002444fded090 code [0x000002444fded240, 0x000002444fded4e8]
Event: 0.215 Thread 0x0000024465e51bc0  642 %     3       sun.awt.image.PNGImageDecoder::update_crc @ 3 (41 bytes)
Event: 0.215 Thread 0x0000024465e51bc0 nmethod 642% 0x000002444fded610 code [0x000002444fded7c0, 0x000002444fdeda38]
Event: 0.217 Thread 0x0000024465e50d10 nmethod 619% 0x000002445723de90 code [0x000002445723e0c0, 0x000002445723fba0]
Event: 0.217 Thread 0x0000024465e50d10  643   !   4       sun.awt.image.PNGImageDecoder::produceImage (1917 bytes)
Event: 0.218 Thread 0x0000024465e51bc0  644       3       sun.awt.image.PNGImageDecoder::update_crc (41 bytes)
Event: 0.218 Thread 0x0000024465e51bc0 nmethod 644 0x000002444fdedb90 code [0x000002444fdedd40, 0x000002444fdedf38]
Event: 0.218 Thread 0x0000024465e51bc0  646       3       java.io.BufferedInputStream::getInIfOpen (21 bytes)
Event: 0.218 Thread 0x0000024465e51bc0 nmethod 646 0x000002444fdee090 code [0x000002444fdee240, 0x000002444fdee448]
Event: 0.218 Thread 0x0000024465e51bc0  645       3       java.io.BufferedInputStream::fill (203 bytes)
Event: 0.219 Thread 0x0000024465e51bc0 nmethod 645 0x000002444fdee510 code [0x000002444fdee780, 0x000002444fdef3e8]
Event: 0.219 Thread 0x0000024465e51bc0  648   !   3       java.util.zip.InflaterInputStream::read (138 bytes)
Event: 0.220 Thread 0x0000024465e51bc0 nmethod 648 0x000002444fdef790 code [0x000002444fdefa40, 0x000002444fdf0698]
Event: 0.220 Thread 0x0000024465e51bc0  649       3       java.util.zip.InflaterInputStream::available (32 bytes)
Event: 0.220 Thread 0x0000024465e51bc0 nmethod 649 0x000002444fdf0c10 code [0x000002444fdf0de0, 0x000002444fdf1288]
Event: 0.220 Thread 0x00000244668ddbe0 nmethod 608% 0x0000024457240e90 code [0x0000024457241020, 0x0000024457241418]
Event: 0.220 Thread 0x00000244668ddbe0  650       4       sun.awt.image.PNGImageDecoder::filterRow (460 bytes)

GC Heap History (0 events):
No events

Deoptimization events (20 events):
Event: 0.222 Thread 0x0000024466b93010 DEOPT PACKING pc=0x000002444fdc67ed sp=0x00000076b76fed80
Event: 0.222 Thread 0x0000024466b93010 DEOPT UNPACKING pc=0x000002444f796763 sp=0x00000076b76fe1f0 mode 0
Event: 0.222 Thread 0x0000024466b93010 DEOPT PACKING pc=0x000002444fdc67ed sp=0x00000076b76fed80
Event: 0.222 Thread 0x0000024466b93010 DEOPT UNPACKING pc=0x000002444f796763 sp=0x00000076b76fe1f0 mode 0
Event: 0.223 Thread 0x0000024466b93010 DEOPT PACKING pc=0x000002444fdc67ed sp=0x00000076b76fed80
Event: 0.223 Thread 0x0000024466b93010 DEOPT UNPACKING pc=0x000002444f796763 sp=0x00000076b76fe1f0 mode 0
Event: 0.223 Thread 0x0000024466b93010 DEOPT PACKING pc=0x000002444fdc67ed sp=0x00000076b76fed80
Event: 0.223 Thread 0x0000024466b93010 DEOPT UNPACKING pc=0x000002444f796763 sp=0x00000076b76fe1f0 mode 0
Event: 0.223 Thread 0x0000024466b93010 DEOPT PACKING pc=0x000002444fdc67ed sp=0x00000076b76fed80
Event: 0.223 Thread 0x0000024466b93010 DEOPT UNPACKING pc=0x000002444f796763 sp=0x00000076b76fe1f0 mode 0
Event: 0.223 Thread 0x0000024466b93010 DEOPT PACKING pc=0x000002444fdc67ed sp=0x00000076b76fed80
Event: 0.223 Thread 0x0000024466b93010 DEOPT UNPACKING pc=0x000002444f796763 sp=0x00000076b76fe1f0 mode 0
Event: 0.223 Thread 0x0000024466b93010 DEOPT PACKING pc=0x000002444fdc67ed sp=0x00000076b76fed80
Event: 0.223 Thread 0x0000024466b93010 DEOPT UNPACKING pc=0x000002444f796763 sp=0x00000076b76fe1f0 mode 0
Event: 0.223 Thread 0x0000024466b93010 DEOPT PACKING pc=0x000002444fdc67ed sp=0x00000076b76fed80
Event: 0.223 Thread 0x0000024466b93010 DEOPT UNPACKING pc=0x000002444f796763 sp=0x00000076b76fe1f0 mode 0
Event: 0.224 Thread 0x0000024466b93010 Uncommon trap: trap_request=0xffffff45 fr.pc=0x000002445723f298 relative=0x00000000000011d8
Event: 0.224 Thread 0x0000024466b93010 Uncommon trap: reason=unstable_if action=reinterpret pc=0x000002445723f298 method=sun.awt.image.PNGImageDecoder.produceImage()V @ 867 c2
Event: 0.224 Thread 0x0000024466b93010 DEOPT PACKING pc=0x000002445723f298 sp=0x00000076b76fee00
Event: 0.224 Thread 0x0000024466b93010 DEOPT UNPACKING pc=0x000002444f795c23 sp=0x00000076b76fed50 mode 2

Classes unloaded (0 events):
No events

Classes redefined (0 events):
No events

Internal exceptions (15 events):
Event: 0.039 Thread 0x0000024447f2c540 Exception <a 'sun/nio/fs/WindowsException'{0x000000008b83f550}> (0x000000008b83f550) 
thrown [t:\workspace\open\src\hotspot\share\prims\jni.cpp, line 516]
Event: 0.039 Thread 0x0000024447f2c540 Exception <a 'sun/nio/fs/WindowsException'{0x000000008b83fab0}> (0x000000008b83fab0) 
thrown [t:\workspace\open\src\hotspot\share\prims\jni.cpp, line 516]
Event: 0.040 Thread 0x0000024447f2c540 Exception <a 'sun/nio/fs/WindowsException'{0x000000008b841e80}> (0x000000008b841e80) 
thrown [t:\workspace\open\src\hotspot\share\prims\jni.cpp, line 516]
Event: 0.040 Thread 0x0000024447f2c540 Exception <a 'sun/nio/fs/WindowsException'{0x000000008b842970}> (0x000000008b842970) 
thrown [t:\workspace\open\src\hotspot\share\prims\jni.cpp, line 516]
Event: 0.060 Thread 0x0000024447f2c540 Exception <a 'java/lang/ClassNotFoundException'{0x000000008b8e3878}: sun/awt/resources/spi/awtProvider> (0x000000008b8e3878) 
thrown [t:\workspace\open\src\hotspot\share\classfile\systemDictionary.cpp, line 256]
Event: 0.076 Thread 0x0000024447f2c540 Exception <a 'java/io/FileNotFoundException'{0x000000008b737d30}> (0x000000008b737d30) 
thrown [t:\workspace\open\src\hotspot\share\prims\jni.cpp, line 516]
Event: 0.080 Thread 0x0000024447f2c540 Exception <a 'java/io/FileNotFoundException'{0x000000008b764c58}> (0x000000008b764c58) 
thrown [t:\workspace\open\src\hotspot\share\prims\jni.cpp, line 516]
Event: 0.104 Thread 0x0000024447f2c540 Exception <a 'java/lang/NoSuchMethodError'{0x000000008b7a92c8}: 'java.lang.Object java.lang.invoke.DirectMethodHandle$Holder.invokeStaticInit(java.lang.Object)'> (0x000000008b7a92c8) 
thrown [t:\workspace\open\src\hotspot\share\interpreter\linkResolver.cpp, line 766]
Event: 0.124 Thread 0x0000024447f2c540 Exception <a 'java/lang/NoSuchMethodError'{0x000000008b606d70}: 'void java.lang.invoke.DirectMethodHandle$Holder.invokeSpecial(java.lang.Object, java.lang.Object, java.lang.Object)'> (0x000000008b606d70) 
thrown [t:\workspace\open\src\hotspot\share\interpreter\linkResolver.cpp, line 766]
Event: 0.129 Thread 0x0000024447f2c540 Exception <a 'java/lang/NoSuchMethodError'{0x000000008b630ed8}: 'java.lang.Object java.lang.invoke.DirectMethodHandle$Holder.newInvokeSpecial(java.lang.Object, java.lang.Object, java.lang.Object, java.lang.Object, java.lang.Object)'> (0x000000008b630ed8) 
thrown [t:\workspace\open\src\hotspot\share\interpreter\linkResolver.cpp, line 766]
Event: 0.130 Thread 0x0000024447f2c540 Exception <a 'java/lang/NoSuchMethodError'{0x000000008b63c8a0}: 'java.lang.Object java.lang.invoke.DirectMethodHandle$Holder.invokeStatic(java.lang.Object, int, java.lang.Object, java.lang.Object, java.lang.Object, java.lang.Object)'> (0x000000008b63c8a0) 
thrown [t:\workspace\open\src\hotspot\share\interpreter\linkResolver.cpp, line 766]
Event: 0.133 Thread 0x0000024447f2c540 Exception <a 'java/lang/NoSuchMethodError'{0x000000008b662060}: 'java.lang.Object java.lang.invoke.DirectMethodHandle$Holder.invokeStatic(java.lang.Object, int, java.lang.Object)'> (0x000000008b662060) 
thrown [t:\workspace\open\src\hotspot\share\interpreter\linkResolver.cpp, line 766]
Event: 0.148 Thread 0x0000024447f2c540 Exception <a 'java/lang/ClassNotFoundException'{0x000000008b51a948}: com/sun/swing/internal/plaf/metal/resources/spi/metalProvider> (0x000000008b51a948) 
thrown [t:\workspace\open\src\hotspot\share\classfile\systemDictionary.cpp, line 256]
Event: 0.149 Thread 0x0000024447f2c540 Exception <a 'java/lang/ClassNotFoundException'{0x000000008b51e7f0}: com/sun/swing/internal/plaf/basic/resources/spi/basicProvider> (0x000000008b51e7f0) 
thrown [t:\workspace\open\src\hotspot\share\classfile\systemDictionary.cpp, line 256]
Event: 0.185 Thread 0x0000024466b93010 Exception <a 'java/lang/NoSuchMethodError'{0x000000008b4f1b88}: 'java.lang.Object java.lang.invoke.DirectMethodHandle$Holder.newInvokeSpecial(java.lang.Object, java.lang.Object, java.lang.Object, int, int, int, int, int)'> (0x000000008b4f1b88) 
thrown [t:\workspace\open\src\hotspot\share\interpreter\linkResolver.cpp, line 766]

VM Operations (4 events):
Event: 0.040 Executing VM operation: HandshakeAllThreads
Event: 0.040 Executing VM operation: HandshakeAllThreads done
Event: 0.207 Executing VM operation: HandshakeAllThreads
Event: 0.207 Executing VM operation: HandshakeAllThreads done

Events (20 events):
Event: 0.187 loading class sun/awt/image/IntegerComponentRaster done
Event: 0.187 loading class sun/awt/image/IntegerInterleavedRaster done
Event: 0.188 loading class java/awt/image/BufferedImage
Event: 0.188 loading class java/awt/image/WritableRenderedImage
Event: 0.188 loading class java/awt/image/RenderedImage
Event: 0.188 loading class java/awt/image/RenderedImage done
Event: 0.188 loading class java/awt/image/WritableRenderedImage done
Event: 0.188 loading class java/awt/image/BufferedImage done
Event: 0.188 loading class java/awt/image/BufferedImage$1
Event: 0.188 loading class java/awt/image/BufferedImage$1 done
Event: 0.207 loading class java/awt/image/ReplicateScaleFilter
Event: 0.207 loading class java/awt/image/ImageFilter
Event: 0.207 loading class java/awt/image/ImageFilter done
Event: 0.207 loading class java/awt/image/ReplicateScaleFilter done
Event: 0.207 loading class java/awt/image/FilteredImageSource
Event: 0.208 loading class java/awt/image/FilteredImageSource done
Event: 0.224 loading class javax/swing/plaf/metal/MetalLabelUI
Event: 0.224 loading class javax/swing/plaf/basic/BasicLabelUI
Event: 0.224 loading class javax/swing/plaf/LabelUI
Event: 0.224 loading class javax/swing/plaf/LabelUI done


Dynamic libraries:
0x00007ff65a2b0000 - 0x00007ff65a2c0000 	C:\Program Files\Java\jdk-17.0.1\bin\java.exe
0x00007ff876a70000 - 0x00007ff876c68000 	C:\Windows\SYSTEM32\ntdll.dll
0x00007ff875750000 - 0x00007ff87580d000 	C:\Windows\System32\KERNEL32.DLL
0x00007ff874370000 - 0x00007ff874666000 	C:\Windows\System32\KERNELBASE.dll
0x00007ff8749d0000 - 0x00007ff874ad0000 	C:\Windows\System32\ucrtbase.dll
0x00007ff86d8c0000 - 0x00007ff86d8d8000 	C:\Program Files\Java\jdk-17.0.1\bin\jli.dll
0x00007ff875840000 - 0x00007ff8758ee000 	C:\Windows\System32\ADVAPI32.dll
0x00007ff86c9c0000 - 0x00007ff86c9da000 	C:\Program Files\Java\jdk-17.0.1\bin\VCRUNTIME140.dll
0x00007ff875010000 - 0x00007ff8750ae000 	C:\Windows\System32\msvcrt.dll
0x00007ff875b00000 - 0x00007ff875b9c000 	C:\Windows\System32\sechost.dll
0x00007ff875da0000 - 0x00007ff875ec6000 	C:\Windows\System32\RPCRT4.dll
0x00007ff875f40000 - 0x00007ff8760de000 	C:\Windows\System32\USER32.dll
0x00007ff8749a0000 - 0x00007ff8749c2000 	C:\Windows\System32\win32u.dll
0x00007ff860ba0000 - 0x00007ff860e3a000 	C:\Windows\WinSxS\amd64_microsoft.windows.common-controls_6595b64144ccf1df_6.0.19041.1110_none_60b5254171f9507e\COMCTL32.dll
0x00007ff875810000 - 0x00007ff87583c000 	C:\Windows\System32\GDI32.dll
0x00007ff8747d0000 - 0x00007ff8748ea000 	C:\Windows\System32\gdi32full.dll
0x00007ff8746a0000 - 0x00007ff87473d000 	C:\Windows\System32\msvcp_win.dll
0x00007ff8696a0000 - 0x00007ff8696aa000 	C:\Windows\SYSTEM32\VERSION.dll
0x00007ff876a00000 - 0x00007ff876a30000 	C:\Windows\System32\IMM32.DLL
0x00007ff86f7f0000 - 0x00007ff86f7fc000 	C:\Program Files\Java\jdk-17.0.1\bin\vcruntime140_1.dll
0x00007ff8539a0000 - 0x00007ff853a2d000 	C:\Program Files\Java\jdk-17.0.1\bin\msvcp140.dll
0x00007ff832960000 - 0x00007ff83351e000 	C:\Program Files\Java\jdk-17.0.1\bin\server\jvm.dll
0x00007ff8750b0000 - 0x00007ff8750b8000 	C:\Windows\System32\PSAPI.DLL
0x00007ff8538e0000 - 0x00007ff853907000 	C:\Windows\SYSTEM32\WINMM.dll
0x00007ff86c850000 - 0x00007ff86c859000 	C:\Windows\SYSTEM32\WSOCK32.dll
0x00007ff875ed0000 - 0x00007ff875f3b000 	C:\Windows\System32\WS2_32.dll
0x00007ff872970000 - 0x00007ff872982000 	C:\Windows\SYSTEM32\kernel.appcore.dll
0x00007ff86d420000 - 0x00007ff86d42a000 	C:\Program Files\Java\jdk-17.0.1\bin\jimage.dll
0x00007ff871ec0000 - 0x00007ff8720a4000 	C:\Windows\SYSTEM32\DBGHELP.DLL
0x00007ff858220000 - 0x00007ff858254000 	C:\Windows\SYSTEM32\dbgcore.DLL
0x00007ff874740000 - 0x00007ff8747c2000 	C:\Windows\System32\bcryptPrimitives.dll
0x00007ff863240000 - 0x00007ff863265000 	C:\Program Files\Java\jdk-17.0.1\bin\java.dll
0x00007ff856850000 - 0x00007ff856926000 	C:\Program Files\Java\jdk-17.0.1\bin\svml.dll
0x00007ff876210000 - 0x00007ff876955000 	C:\Windows\System32\SHELL32.dll
0x00007ff8721c0000 - 0x00007ff87295b000 	C:\Windows\SYSTEM32\windows.storage.dll
0x00007ff875370000 - 0x00007ff8756c4000 	C:\Windows\System32\combase.dll
0x00007ff873ac0000 - 0x00007ff873aee000 	C:\Windows\SYSTEM32\Wldp.dll
0x00007ff876160000 - 0x00007ff87620d000 	C:\Windows\System32\SHCORE.dll
0x00007ff875c60000 - 0x00007ff875cb5000 	C:\Windows\System32\shlwapi.dll
0x00007ff874080000 - 0x00007ff8740a5000 	C:\Windows\SYSTEM32\profapi.dll
0x00007ff86c9a0000 - 0x00007ff86c9b9000 	C:\Program Files\Java\jdk-17.0.1\bin\net.dll
0x00007ff86e420000 - 0x00007ff86e52a000 	C:\Windows\SYSTEM32\WINHTTP.dll
0x00007ff873820000 - 0x00007ff87388a000 	C:\Windows\system32\mswsock.dll
0x00007ff86c8b0000 - 0x00007ff86c8c5000 	C:\Program Files\Java\jdk-17.0.1\bin\nio.dll
0x00007ff8373c0000 - 0x00007ff83754f000 	C:\Program Files\Java\jdk-17.0.1\bin\awt.dll
0x00007ff874ad0000 - 0x00007ff874b9d000 	C:\Windows\System32\OLEAUT32.dll
0x00007ff871530000 - 0x00007ff8715c1000 	C:\Windows\SYSTEM32\apphelp.dll
0x00007ff871910000 - 0x00007ff87193f000 	C:\Windows\system32\DWMAPI.DLL
0x00007ff871710000 - 0x00007ff8717ae000 	C:\Windows\system32\uxtheme.dll
0x00007ff859150000 - 0x00007ff859275000 	C:\Windows\system32\opengl32.dll
0x00007ff86d1a0000 - 0x00007ff86d1cc000 	C:\Windows\SYSTEM32\GLU32.dll
0x00007ff875250000 - 0x00007ff875364000 	C:\Windows\System32\MSCTF.dll
0x00007ff875120000 - 0x00007ff87524a000 	C:\Windows\System32\ole32.dll
0x00007ff86c0e0000 - 0x00007ff86c0f8000 	C:\Program Files\Java\jdk-17.0.1\bin\zip.dll

dbghelp: loaded successfully - version: 4.0.5 - missing functions: none
symbol engine: initialized successfully - sym options: 0x614 - pdb path: .;C:\Program Files\Java\jdk-17.0.1\bin;C:\Windows\SYSTEM32;C:\Windows\WinSxS\amd64_microsoft.windows.common-controls_6595b64144ccf1df_6.0.19041.1110_none_60b5254171f9507e;C:\Program Files\Java\jdk-17.0.1\bin\server

VM Arguments:
jvm_args: -Dfile.encoding=UTF-8 --module-path=C:\Users\HP\Documents\NetBeansProjects\bank management system\build\classes 
java_command: bank.management.system.Login
java_class_path (initial): C:\Users\HP\Documents\NetBeansProjects\bank management system\build\classes
Launcher Type: SUN_STANDARD

[Global flags]
     intx CICompilerCount                          = 4                                         {product} {ergonomic}
     uint ConcGCThreads                            = 2                                         {product} {ergonomic}
     uint G1ConcRefinementThreads                  = 8                                         {product} {ergonomic}
   size_t G1HeapRegionSize                         = 1048576                                   {product} {ergonomic}
    uintx GCDrainStackTargetSize                   = 64                                        {product} {ergonomic}
   size_t InitialHeapSize                          = 132120576                                 {product} {ergonomic}
   size_t MarkStackSize                            = 4194304                                   {product} {ergonomic}
   size_t MaxHeapSize                              = 2084569088                                {product} {ergonomic}
   size_t MaxNewSize                               = 1249902592                                {product} {ergonomic}
   size_t MinHeapDeltaBytes                        = 1048576                                   {product} {ergonomic}
   size_t MinHeapSize                              = 8388608                                   {product} {ergonomic}
    uintx NonNMethodCodeHeapSize                   = 5839372                                {pd product} {ergonomic}
    uintx NonProfiledCodeHeapSize                  = 122909434                              {pd product} {ergonomic}
    uintx ProfiledCodeHeapSize                     = 122909434                              {pd product} {ergonomic}
    uintx ReservedCodeCacheSize                    = 251658240                              {pd product} {ergonomic}
     bool SegmentedCodeCache                       = true                                      {product} {ergonomic}
   size_t SoftMaxHeapSize                          = 2084569088                             {manageable} {ergonomic}
     bool UseCompressedClassPointers               = true                           {product lp64_product} {ergonomic}
     bool UseCompressedOops                        = true                           {product lp64_product} {ergonomic}
     bool UseG1GC                                  = true                                      {product} {ergonomic}
     bool UseLargePagesIndividualAllocation        = false                                  {pd product} {ergonomic}

Logging:
Log output configuration:
 #0: stdout all=warning uptime,level,tags
 #1: stderr all=off uptime,level,tags

Environment Variables:
PATH=C:\Program Files (x86)\Common Files\Intel\Shared Libraries\redist\intel64\compiler;C:\Program Files\Common Files\Oracle\Java\javapath;C:\Program Files (x86)\VMware\VMware Workstation\bin\;C:\Windows\system32;C:\Windows;C:\Windows\System32\Wbem;C:\Windows\System32\WindowsPowerShell\v1.0\;C:\Windows\System32\OpenSSH\;C:\Program Files (x86)\NVIDIA Corporation\PhysX\Common;C:\Users\HP\AppData\Local\Programs\Python\Python310\Scripts\;C:\Users\HP\AppData\Local\Programs\Python\Python310\;C:\Users\HP\AppData\Local\Microsoft\WindowsApps;C:\Users\HP\AppData\Local\Programs\Microsoft VS Code\bin;C:\Users\HP\AppData\Local\GitHubDesktop\bin;C:\src\flutter\bin;
USERNAME=HP
OS=Windows_NT
PROCESSOR_IDENTIFIER=Intel64 Family 6 Model 140 Stepping 1, GenuineIntel



---------------  S Y S T E M  ---------------

OS:
 Windows 10 , 64 bit Build 19041 (10.0.19041.3393)
OS uptime: 18 days 3:21 hours

CPU: total 8 (initial active 8) (4 cores per cpu, 2 threads per core) family 6 model 140 stepping 1 microcode 0x86, cx8, cmov, fxsr, ht, mmx, 3dnowpref, sse, sse2, sse3, ssse3, sse4.1, sse4.2, popcnt, lzcnt, tsc, tscinvbit, avx, avx2, aes, erms, clmul, bmi1, bmi2, adx, avx512f, avx512dq, avx512cd, avx512bw, avx512vl, sha, fma, vzeroupper, avx512_vpopcntdq, avx512_vpclmulqdq, avx512_vaes, avx512_vnni, clflush, clflushopt, clwb, avx512_vbmi2, avx512_vbmi

Memory: 4k page, system-wide physical 7948M (642M free)
TotalPageFile size 32524M (AvailPageFile size 5M)
current process WorkingSet (physical memory assigned to process): 56M, peak: 56M
current process commit charge ("private bytes"): 220M, peak: 220M

vm_info: Java HotSpot(TM) 64-Bit Server VM (17.0.1+12-LTS-39) for windows-amd64 JRE (17.0.1+12-LTS-39), built on Sep 27 2021 18:41:35 by "mach5one" with MS VC++ 16.8 (VS2019)

END.
