#
# There is insufficient memory for the Java Runtime Environment to continue.
# Native memory allocation (mmap) failed to map 65536 bytes for Failed to commit metaspace.
# Possible reasons:
#   The system is out of physical RAM or swap space
#   The process is running with CompressedOops enabled, and the Java Heap may be blocking the growth of the native heap
# Possible solutions:
#   Reduce memory load on the system
#   Increase physical memory or swap space
#   Check if swap backing store is full
#   Decrease Java heap size (-Xmx/-Xms)
#   Decrease number of Java threads
#   Decrease Java thread stack sizes (-Xss)
#   Set larger code cache with -XX:ReservedCodeCacheSize=
#   JVM is running with Unscaled Compressed Oops mode in which the Java heap is
#     placed in the first 4GB address space. The Java Heap base address is the
#     maximum limit for the native heap growth. Please use -XX:HeapBaseMinAddress
#     to set the Java Heap base and to place the Java Heap above 4GB virtual address.
# This output file may be truncated or incomplete.
#
#  Out of Memory Error (virtualSpaceNode.cpp:110), pid=24888, tid=26600
#
# JRE version: Java(TM) SE Runtime Environment (17.0.1+12) (build 17.0.1+12-LTS-39)
# Java VM: Java HotSpot(TM) 64-Bit Server VM (17.0.1+12-LTS-39, mixed mode, sharing, tiered, compressed oops, compressed class ptrs, g1 gc, windows-amd64)
# No core dump will be written. Minidumps are not enabled by default on client versions of Windows
#

---------------  S U M M A R Y ------------

Command Line: -Dfile.encoding=UTF-8 --module-path=C:\Users\HP\Documents\NetBeansProjects\bank management system\build\classes bank.management.system.Login

Host: 11th Gen Intel(R) Core(TM) i5-1135G7 @ 2.40GHz, 8 cores, 7G,  Windows 10 , 64 bit Build 19041 (10.0.19041.3393)
Time: Mon Oct 23 17:36:58 2023 Sri Lanka Standard Time elapsed time: 0.168169 seconds (0d 0h 0m 0s)

---------------  T H R E A D  ---------------

Current thread (0x00000239ffe5a630):  JavaThread "C1 CompilerThread0" daemon [_thread_in_vm, id=26600, stack(0x0000006d27700000,0x0000006d27800000)]


Current CompileTask:
C1:    168  398       3       jdk.internal.org.objectweb.asm.ByteVector::putByteArray (49 bytes)

Stack: [0x0000006d27700000,0x0000006d27800000]
Native frames: (J=compiled Java code, j=interpreted, Vv=VM code, C=native code)
V  [jvm.dll+0x66fa1a]
V  [jvm.dll+0x7ce5a4]
V  [jvm.dll+0x7cfd4e]
V  [jvm.dll+0x7d03b3]
V  [jvm.dll+0x242b05]
V  [jvm.dll+0x7ca54b]
V  [jvm.dll+0x615b76]
V  [jvm.dll+0x615bda]
V  [jvm.dll+0x6183ea]
V  [jvm.dll+0x616516]
V  [jvm.dll+0x62759a]
V  [jvm.dll+0x6203aa]
V  [jvm.dll+0x1ca260]
V  [jvm.dll+0x1ca44f]
V  [jvm.dll+0x131bce]
V  [jvm.dll+0x131ef6]
V  [jvm.dll+0x13138a]
V  [jvm.dll+0x133051]
V  [jvm.dll+0x224848]
V  [jvm.dll+0x2229ac]
V  [jvm.dll+0x78435b]
V  [jvm.dll+0x77e91a]
V  [jvm.dll+0x66e845]
C  [ucrtbase.dll+0x21bb2]
C  [KERNEL32.DLL+0x17344]
C  [ntdll.dll+0x526b1]


---------------  P R O C E S S  ---------------

Threads class SMR info:
_java_thread_list=0x0000023982aac4b0, length=15, elements={
0x00000239e3f3bc60, 0x00000239ffe42180, 0x00000239ffe43610, 0x00000239ffe53970,
0x00000239ffe54430, 0x00000239ffe5b5e0, 0x00000239ffe58e00, 0x00000239ffe59b90,
0x00000239ffe5a630, 0x00000239ffe5db30, 0x000002398282f410, 0x00000239828d98f0,
0x00000239829a1c80, 0x000002398294bf40, 0x0000023982ad18f0
}

Java Threads: ( => current thread )
  0x00000239e3f3bc60 JavaThread "main" [_thread_in_vm, id=23924, stack(0x0000006d26900000,0x0000006d26a00000)]
  0x00000239ffe42180 JavaThread "Reference Handler" daemon [_thread_blocked, id=27224, stack(0x0000006d27000000,0x0000006d27100000)]
  0x00000239ffe43610 JavaThread "Finalizer" daemon [_thread_blocked, id=18284, stack(0x0000006d27100000,0x0000006d27200000)]
  0x00000239ffe53970 JavaThread "Signal Dispatcher" daemon [_thread_blocked, id=9564, stack(0x0000006d27200000,0x0000006d27300000)]
  0x00000239ffe54430 JavaThread "Attach Listener" daemon [_thread_blocked, id=23496, stack(0x0000006d27300000,0x0000006d27400000)]
  0x00000239ffe5b5e0 JavaThread "Service Thread" daemon [_thread_blocked, id=26572, stack(0x0000006d27400000,0x0000006d27500000)]
  0x00000239ffe58e00 JavaThread "Monitor Deflation Thread" daemon [_thread_blocked, id=26596, stack(0x0000006d27500000,0x0000006d27600000)]
  0x00000239ffe59b90 JavaThread "C2 CompilerThread0" daemon [_thread_blocked, id=26380, stack(0x0000006d27600000,0x0000006d27700000)]
=>0x00000239ffe5a630 JavaThread "C1 CompilerThread0" daemon [_thread_in_vm, id=26600, stack(0x0000006d27700000,0x0000006d27800000)]
  0x00000239ffe5db30 JavaThread "Sweeper thread" daemon [_thread_blocked, id=1744, stack(0x0000006d27800000,0x0000006d27900000)]
  0x000002398282f410 JavaThread "Common-Cleaner" daemon [_thread_blocked, id=26984, stack(0x0000006d27900000,0x0000006d27a00000)]
  0x00000239828d98f0 JavaThread "Notification Thread" daemon [_thread_blocked, id=27556, stack(0x0000006d27a00000,0x0000006d27b00000)]
  0x00000239829a1c80 JavaThread "Java2D Disposer" daemon [_thread_blocked, id=26568, stack(0x0000006d27c00000,0x0000006d27d00000)]
  0x000002398294bf40 JavaThread "AWT-Shutdown" [_thread_blocked, id=12060, stack(0x0000006d27d00000,0x0000006d27e00000)]
  0x0000023982ad18f0 JavaThread "AWT-Windows" daemon [_thread_in_native, id=21176, stack(0x0000006d27e00000,0x0000006d27f00000)]

Other Threads:
  0x00000239ffe3a670 VMThread "VM Thread" [stack: 0x0000006d26f00000,0x0000006d27000000] [id=16420]
  0x00000239828d9dc0 WatcherThread [stack: 0x0000006d27b00000,0x0000006d27c00000] [id=12944]
  0x00000239e3f794a0 GCTaskThread "GC Thread#0" [stack: 0x0000006d26a00000,0x0000006d26b00000] [id=27588]
  0x00000239e3f8b070 ConcurrentGCThread "G1 Main Marker" [stack: 0x0000006d26b00000,0x0000006d26c00000] [id=23428]
  0x00000239e3f8c220 ConcurrentGCThread "G1 Conc#0" [stack: 0x0000006d26c00000,0x0000006d26d00000] [id=26280]
  0x00000239e4014a40 ConcurrentGCThread "G1 Refine#0" [stack: 0x0000006d26d00000,0x0000006d26e00000] [id=11884]
  0x00000239e4015460 ConcurrentGCThread "G1 Service" [stack: 0x0000006d26e00000,0x0000006d26f00000] [id=20648]

Threads with active compile tasks:
C1 CompilerThread0      177  398       3       jdk.internal.org.objectweb.asm.ByteVector::putByteArray (49 bytes)

VM state: not at safepoint (normal execution)

VM Mutex/Monitor currently owned by a thread:  ([mutex/lock_event])
[0x00000239e3f35600] Metaspace_lock - owner thread: 0x00000239ffe5a630
[0x00000239e3f37c90] MethodData_lock - owner thread: 0x00000239ffe5a630

Heap address: 0x0000000083c00000, size: 1988 MB, Compressed Oops mode: 32-bit

CDS archive(s) mapped at: [0x0000000800000000-0x0000000800bc0000-0x0000000800bc0000), size 12320768, SharedBaseAddress: 0x0000000800000000, ArchiveRelocationMode: 0.
Compressed class space mapped at: 0x0000000800c00000-0x0000000840c00000, reserved size: 1073741824
Narrow klass base: 0x0000000800000000, Narrow klass shift: 0, Narrow klass range: 0x100000000

GC Precious Log:
 CPUs: 8 total, 8 available
 Memory: 7948M
 Large Page Support: Disabled
 NUMA Support: Disabled
 Compressed Oops: Enabled (32-bit)
 Heap Region Size: 1M
 Heap Min Capacity: 8M
 Heap Initial Capacity: 126M
 Heap Max Capacity: 1988M
 Pre-touch: Disabled
 Parallel Workers: 8
 Concurrent Workers: 2
 Concurrent Refinement Workers: 8
 Periodic GC: Disabled

Heap:
 garbage-first heap   total 129024K, used 3072K [0x0000000083c00000, 0x0000000100000000)
  region size 1024K, 4 young (4096K), 0 survivors (0K)
 Metaspace       used 3537K, committed 3712K, reserved 1056768K
  class space    used 344K, committed 448K, reserved 1048576K

Heap Regions: E=young(eden), S=young(survivor), O=old, HS=humongous(starts), HC=humongous(continues), CS=collection set, F=free, OA=open archive, CA=closed archive, TAMS=top-at-mark-start (previous, next)
|   0|0x0000000083c00000, 0x0000000083c00000, 0x0000000083d00000|  0%| F|  |TAMS 0x0000000083c00000, 0x0000000083c00000| Untracked 
|   1|0x0000000083d00000, 0x0000000083d00000, 0x0000000083e00000|  0%| F|  |TAMS 0x0000000083d00000, 0x0000000083d00000| Untracked 
|   2|0x0000000083e00000, 0x0000000083e00000, 0x0000000083f00000|  0%| F|  |TAMS 0x0000000083e00000, 0x0000000083e00000| Untracked 
|   3|0x0000000083f00000, 0x0000000083f00000, 0x0000000084000000|  0%| F|  |TAMS 0x0000000083f00000, 0x0000000083f00000| Untracked 
|   4|0x0000000084000000, 0x0000000084000000, 0x0000000084100000|  0%| F|  |TAMS 0x0000000084000000, 0x0000000084000000| Untracked 
|   5|0x0000000084100000, 0x0000000084100000, 0x0000000084200000|  0%| F|  |TAMS 0x0000000084100000, 0x0000000084100000| Untracked 
|   6|0x0000000084200000, 0x0000000084200000, 0x0000000084300000|  0%| F|  |TAMS 0x0000000084200000, 0x0000000084200000| Untracked 
|   7|0x0000000084300000, 0x0000000084300000, 0x0000000084400000|  0%| F|  |TAMS 0x0000000084300000, 0x0000000084300000| Untracked 
|   8|0x0000000084400000, 0x0000000084400000, 0x0000000084500000|  0%| F|  |TAMS 0x0000000084400000, 0x0000000084400000| Untracked 
|   9|0x0000000084500000, 0x0000000084500000, 0x0000000084600000|  0%| F|  |TAMS 0x0000000084500000, 0x0000000084500000| Untracked 
|  10|0x0000000084600000, 0x0000000084600000, 0x0000000084700000|  0%| F|  |TAMS 0x0000000084600000, 0x0000000084600000| Untracked 
|  11|0x0000000084700000, 0x0000000084700000, 0x0000000084800000|  0%| F|  |TAMS 0x0000000084700000, 0x0000000084700000| Untracked 
|  12|0x0000000084800000, 0x0000000084800000, 0x0000000084900000|  0%| F|  |TAMS 0x0000000084800000, 0x0000000084800000| Untracked 
|  13|0x0000000084900000, 0x0000000084900000, 0x0000000084a00000|  0%| F|  |TAMS 0x0000000084900000, 0x0000000084900000| Untracked 
|  14|0x0000000084a00000, 0x0000000084a00000, 0x0000000084b00000|  0%| F|  |TAMS 0x0000000084a00000, 0x0000000084a00000| Untracked 
|  15|0x0000000084b00000, 0x0000000084b00000, 0x0000000084c00000|  0%| F|  |TAMS 0x0000000084b00000, 0x0000000084b00000| Untracked 
|  16|0x0000000084c00000, 0x0000000084c00000, 0x0000000084d00000|  0%| F|  |TAMS 0x0000000084c00000, 0x0000000084c00000| Untracked 
|  17|0x0000000084d00000, 0x0000000084d00000, 0x0000000084e00000|  0%| F|  |TAMS 0x0000000084d00000, 0x0000000084d00000| Untracked 
|  18|0x0000000084e00000, 0x0000000084e00000, 0x0000000084f00000|  0%| F|  |TAMS 0x0000000084e00000, 0x0000000084e00000| Untracked 
|  19|0x0000000084f00000, 0x0000000084f00000, 0x0000000085000000|  0%| F|  |TAMS 0x0000000084f00000, 0x0000000084f00000| Untracked 
|  20|0x0000000085000000, 0x0000000085000000, 0x0000000085100000|  0%| F|  |TAMS 0x0000000085000000, 0x0000000085000000| Untracked 
|  21|0x0000000085100000, 0x0000000085100000, 0x0000000085200000|  0%| F|  |TAMS 0x0000000085100000, 0x0000000085100000| Untracked 
|  22|0x0000000085200000, 0x0000000085200000, 0x0000000085300000|  0%| F|  |TAMS 0x0000000085200000, 0x0000000085200000| Untracked 
|  23|0x0000000085300000, 0x0000000085300000, 0x0000000085400000|  0%| F|  |TAMS 0x0000000085300000, 0x0000000085300000| Untracked 
|  24|0x0000000085400000, 0x0000000085400000, 0x0000000085500000|  0%| F|  |TAMS 0x0000000085400000, 0x0000000085400000| Untracked 
|  25|0x0000000085500000, 0x0000000085500000, 0x0000000085600000|  0%| F|  |TAMS 0x0000000085500000, 0x0000000085500000| Untracked 
|  26|0x0000000085600000, 0x0000000085600000, 0x0000000085700000|  0%| F|  |TAMS 0x0000000085600000, 0x0000000085600000| Untracked 
|  27|0x0000000085700000, 0x0000000085700000, 0x0000000085800000|  0%| F|  |TAMS 0x0000000085700000, 0x0000000085700000| Untracked 
|  28|0x0000000085800000, 0x0000000085800000, 0x0000000085900000|  0%| F|  |TAMS 0x0000000085800000, 0x0000000085800000| Untracked 
|  29|0x0000000085900000, 0x0000000085900000, 0x0000000085a00000|  0%| F|  |TAMS 0x0000000085900000, 0x0000000085900000| Untracked 
|  30|0x0000000085a00000, 0x0000000085a00000, 0x0000000085b00000|  0%| F|  |TAMS 0x0000000085a00000, 0x0000000085a00000| Untracked 
|  31|0x0000000085b00000, 0x0000000085b00000, 0x0000000085c00000|  0%| F|  |TAMS 0x0000000085b00000, 0x0000000085b00000| Untracked 
|  32|0x0000000085c00000, 0x0000000085c00000, 0x0000000085d00000|  0%| F|  |TAMS 0x0000000085c00000, 0x0000000085c00000| Untracked 
|  33|0x0000000085d00000, 0x0000000085d00000, 0x0000000085e00000|  0%| F|  |TAMS 0x0000000085d00000, 0x0000000085d00000| Untracked 
|  34|0x0000000085e00000, 0x0000000085e00000, 0x0000000085f00000|  0%| F|  |TAMS 0x0000000085e00000, 0x0000000085e00000| Untracked 
|  35|0x0000000085f00000, 0x0000000085f00000, 0x0000000086000000|  0%| F|  |TAMS 0x0000000085f00000, 0x0000000085f00000| Untracked 
|  36|0x0000000086000000, 0x0000000086000000, 0x0000000086100000|  0%| F|  |TAMS 0x0000000086000000, 0x0000000086000000| Untracked 
|  37|0x0000000086100000, 0x0000000086100000, 0x0000000086200000|  0%| F|  |TAMS 0x0000000086100000, 0x0000000086100000| Untracked 
|  38|0x0000000086200000, 0x0000000086200000, 0x0000000086300000|  0%| F|  |TAMS 0x0000000086200000, 0x0000000086200000| Untracked 
|  39|0x0000000086300000, 0x0000000086300000, 0x0000000086400000|  0%| F|  |TAMS 0x0000000086300000, 0x0000000086300000| Untracked 
|  40|0x0000000086400000, 0x0000000086400000, 0x0000000086500000|  0%| F|  |TAMS 0x0000000086400000, 0x0000000086400000| Untracked 
|  41|0x0000000086500000, 0x0000000086500000, 0x0000000086600000|  0%| F|  |TAMS 0x0000000086500000, 0x0000000086500000| Untracked 
|  42|0x0000000086600000, 0x0000000086600000, 0x0000000086700000|  0%| F|  |TAMS 0x0000000086600000, 0x0000000086600000| Untracked 
|  43|0x0000000086700000, 0x0000000086700000, 0x0000000086800000|  0%| F|  |TAMS 0x0000000086700000, 0x0000000086700000| Untracked 
|  44|0x0000000086800000, 0x0000000086800000, 0x0000000086900000|  0%| F|  |TAMS 0x0000000086800000, 0x0000000086800000| Untracked 
|  45|0x0000000086900000, 0x0000000086900000, 0x0000000086a00000|  0%| F|  |TAMS 0x0000000086900000, 0x0000000086900000| Untracked 
|  46|0x0000000086a00000, 0x0000000086a00000, 0x0000000086b00000|  0%| F|  |TAMS 0x0000000086a00000, 0x0000000086a00000| Untracked 
|  47|0x0000000086b00000, 0x0000000086b00000, 0x0000000086c00000|  0%| F|  |TAMS 0x0000000086b00000, 0x0000000086b00000| Untracked 
|  48|0x0000000086c00000, 0x0000000086c00000, 0x0000000086d00000|  0%| F|  |TAMS 0x0000000086c00000, 0x0000000086c00000| Untracked 
|  49|0x0000000086d00000, 0x0000000086d00000, 0x0000000086e00000|  0%| F|  |TAMS 0x0000000086d00000, 0x0000000086d00000| Untracked 
|  50|0x0000000086e00000, 0x0000000086e00000, 0x0000000086f00000|  0%| F|  |TAMS 0x0000000086e00000, 0x0000000086e00000| Untracked 
|  51|0x0000000086f00000, 0x0000000086f00000, 0x0000000087000000|  0%| F|  |TAMS 0x0000000086f00000, 0x0000000086f00000| Untracked 
|  52|0x0000000087000000, 0x0000000087000000, 0x0000000087100000|  0%| F|  |TAMS 0x0000000087000000, 0x0000000087000000| Untracked 
|  53|0x0000000087100000, 0x0000000087100000, 0x0000000087200000|  0%| F|  |TAMS 0x0000000087100000, 0x0000000087100000| Untracked 
|  54|0x0000000087200000, 0x0000000087200000, 0x0000000087300000|  0%| F|  |TAMS 0x0000000087200000, 0x0000000087200000| Untracked 
|  55|0x0000000087300000, 0x0000000087300000, 0x0000000087400000|  0%| F|  |TAMS 0x0000000087300000, 0x0000000087300000| Untracked 
|  56|0x0000000087400000, 0x0000000087400000, 0x0000000087500000|  0%| F|  |TAMS 0x0000000087400000, 0x0000000087400000| Untracked 
|  57|0x0000000087500000, 0x0000000087500000, 0x0000000087600000|  0%| F|  |TAMS 0x0000000087500000, 0x0000000087500000| Untracked 
|  58|0x0000000087600000, 0x0000000087600000, 0x0000000087700000|  0%| F|  |TAMS 0x0000000087600000, 0x0000000087600000| Untracked 
|  59|0x0000000087700000, 0x0000000087700000, 0x0000000087800000|  0%| F|  |TAMS 0x0000000087700000, 0x0000000087700000| Untracked 
|  60|0x0000000087800000, 0x0000000087800000, 0x0000000087900000|  0%| F|  |TAMS 0x0000000087800000, 0x0000000087800000| Untracked 
|  61|0x0000000087900000, 0x0000000087900000, 0x0000000087a00000|  0%| F|  |TAMS 0x0000000087900000, 0x0000000087900000| Untracked 
|  62|0x0000000087a00000, 0x0000000087a00000, 0x0000000087b00000|  0%| F|  |TAMS 0x0000000087a00000, 0x0000000087a00000| Untracked 
|  63|0x0000000087b00000, 0x0000000087b00000, 0x0000000087c00000|  0%| F|  |TAMS 0x0000000087b00000, 0x0000000087b00000| Untracked 
|  64|0x0000000087c00000, 0x0000000087c00000, 0x0000000087d00000|  0%| F|  |TAMS 0x0000000087c00000, 0x0000000087c00000| Untracked 
|  65|0x0000000087d00000, 0x0000000087d00000, 0x0000000087e00000|  0%| F|  |TAMS 0x0000000087d00000, 0x0000000087d00000| Untracked 
|  66|0x0000000087e00000, 0x0000000087e00000, 0x0000000087f00000|  0%| F|  |TAMS 0x0000000087e00000, 0x0000000087e00000| Untracked 
|  67|0x0000000087f00000, 0x0000000087f00000, 0x0000000088000000|  0%| F|  |TAMS 0x0000000087f00000, 0x0000000087f00000| Untracked 
|  68|0x0000000088000000, 0x0000000088000000, 0x0000000088100000|  0%| F|  |TAMS 0x0000000088000000, 0x0000000088000000| Untracked 
|  69|0x0000000088100000, 0x0000000088100000, 0x0000000088200000|  0%| F|  |TAMS 0x0000000088100000, 0x0000000088100000| Untracked 
|  70|0x0000000088200000, 0x0000000088200000, 0x0000000088300000|  0%| F|  |TAMS 0x0000000088200000, 0x0000000088200000| Untracked 
|  71|0x0000000088300000, 0x0000000088300000, 0x0000000088400000|  0%| F|  |TAMS 0x0000000088300000, 0x0000000088300000| Untracked 
|  72|0x0000000088400000, 0x0000000088400000, 0x0000000088500000|  0%| F|  |TAMS 0x0000000088400000, 0x0000000088400000| Untracked 
|  73|0x0000000088500000, 0x0000000088500000, 0x0000000088600000|  0%| F|  |TAMS 0x0000000088500000, 0x0000000088500000| Untracked 
|  74|0x0000000088600000, 0x0000000088600000, 0x0000000088700000|  0%| F|  |TAMS 0x0000000088600000, 0x0000000088600000| Untracked 
|  75|0x0000000088700000, 0x0000000088700000, 0x0000000088800000|  0%| F|  |TAMS 0x0000000088700000, 0x0000000088700000| Untracked 
|  76|0x0000000088800000, 0x0000000088800000, 0x0000000088900000|  0%| F|  |TAMS 0x0000000088800000, 0x0000000088800000| Untracked 
|  77|0x0000000088900000, 0x0000000088900000, 0x0000000088a00000|  0%| F|  |TAMS 0x0000000088900000, 0x0000000088900000| Untracked 
|  78|0x0000000088a00000, 0x0000000088a00000, 0x0000000088b00000|  0%| F|  |TAMS 0x0000000088a00000, 0x0000000088a00000| Untracked 
|  79|0x0000000088b00000, 0x0000000088b00000, 0x0000000088c00000|  0%| F|  |TAMS 0x0000000088b00000, 0x0000000088b00000| Untracked 
|  80|0x0000000088c00000, 0x0000000088c00000, 0x0000000088d00000|  0%| F|  |TAMS 0x0000000088c00000, 0x0000000088c00000| Untracked 
|  81|0x0000000088d00000, 0x0000000088d00000, 0x0000000088e00000|  0%| F|  |TAMS 0x0000000088d00000, 0x0000000088d00000| Untracked 
|  82|0x0000000088e00000, 0x0000000088e00000, 0x0000000088f00000|  0%| F|  |TAMS 0x0000000088e00000, 0x0000000088e00000| Untracked 
|  83|0x0000000088f00000, 0x0000000088f00000, 0x0000000089000000|  0%| F|  |TAMS 0x0000000088f00000, 0x0000000088f00000| Untracked 
|  84|0x0000000089000000, 0x0000000089000000, 0x0000000089100000|  0%| F|  |TAMS 0x0000000089000000, 0x0000000089000000| Untracked 
|  85|0x0000000089100000, 0x0000000089100000, 0x0000000089200000|  0%| F|  |TAMS 0x0000000089100000, 0x0000000089100000| Untracked 
|  86|0x0000000089200000, 0x0000000089200000, 0x0000000089300000|  0%| F|  |TAMS 0x0000000089200000, 0x0000000089200000| Untracked 
|  87|0x0000000089300000, 0x0000000089300000, 0x0000000089400000|  0%| F|  |TAMS 0x0000000089300000, 0x0000000089300000| Untracked 
|  88|0x0000000089400000, 0x0000000089400000, 0x0000000089500000|  0%| F|  |TAMS 0x0000000089400000, 0x0000000089400000| Untracked 
|  89|0x0000000089500000, 0x0000000089500000, 0x0000000089600000|  0%| F|  |TAMS 0x0000000089500000, 0x0000000089500000| Untracked 
|  90|0x0000000089600000, 0x0000000089600000, 0x0000000089700000|  0%| F|  |TAMS 0x0000000089600000, 0x0000000089600000| Untracked 
|  91|0x0000000089700000, 0x0000000089700000, 0x0000000089800000|  0%| F|  |TAMS 0x0000000089700000, 0x0000000089700000| Untracked 
|  92|0x0000000089800000, 0x0000000089800000, 0x0000000089900000|  0%| F|  |TAMS 0x0000000089800000, 0x0000000089800000| Untracked 
|  93|0x0000000089900000, 0x0000000089900000, 0x0000000089a00000|  0%| F|  |TAMS 0x0000000089900000, 0x0000000089900000| Untracked 
|  94|0x0000000089a00000, 0x0000000089a00000, 0x0000000089b00000|  0%| F|  |TAMS 0x0000000089a00000, 0x0000000089a00000| Untracked 
|  95|0x0000000089b00000, 0x0000000089b00000, 0x0000000089c00000|  0%| F|  |TAMS 0x0000000089b00000, 0x0000000089b00000| Untracked 
|  96|0x0000000089c00000, 0x0000000089c00000, 0x0000000089d00000|  0%| F|  |TAMS 0x0000000089c00000, 0x0000000089c00000| Untracked 
|  97|0x0000000089d00000, 0x0000000089d00000, 0x0000000089e00000|  0%| F|  |TAMS 0x0000000089d00000, 0x0000000089d00000| Untracked 
|  98|0x0000000089e00000, 0x0000000089e00000, 0x0000000089f00000|  0%| F|  |TAMS 0x0000000089e00000, 0x0000000089e00000| Untracked 
|  99|0x0000000089f00000, 0x0000000089f00000, 0x000000008a000000|  0%| F|  |TAMS 0x0000000089f00000, 0x0000000089f00000| Untracked 
| 100|0x000000008a000000, 0x000000008a000000, 0x000000008a100000|  0%| F|  |TAMS 0x000000008a000000, 0x000000008a000000| Untracked 
| 101|0x000000008a100000, 0x000000008a100000, 0x000000008a200000|  0%| F|  |TAMS 0x000000008a100000, 0x000000008a100000| Untracked 
| 102|0x000000008a200000, 0x000000008a200000, 0x000000008a300000|  0%| F|  |TAMS 0x000000008a200000, 0x000000008a200000| Untracked 
| 103|0x000000008a300000, 0x000000008a300000, 0x000000008a400000|  0%| F|  |TAMS 0x000000008a300000, 0x000000008a300000| Untracked 
| 104|0x000000008a400000, 0x000000008a400000, 0x000000008a500000|  0%| F|  |TAMS 0x000000008a400000, 0x000000008a400000| Untracked 
| 105|0x000000008a500000, 0x000000008a500000, 0x000000008a600000|  0%| F|  |TAMS 0x000000008a500000, 0x000000008a500000| Untracked 
| 106|0x000000008a600000, 0x000000008a600000, 0x000000008a700000|  0%| F|  |TAMS 0x000000008a600000, 0x000000008a600000| Untracked 
| 107|0x000000008a700000, 0x000000008a700000, 0x000000008a800000|  0%| F|  |TAMS 0x000000008a700000, 0x000000008a700000| Untracked 
| 108|0x000000008a800000, 0x000000008a800000, 0x000000008a900000|  0%| F|  |TAMS 0x000000008a800000, 0x000000008a800000| Untracked 
| 109|0x000000008a900000, 0x000000008a900000, 0x000000008aa00000|  0%| F|  |TAMS 0x000000008a900000, 0x000000008a900000| Untracked 
| 110|0x000000008aa00000, 0x000000008aa00000, 0x000000008ab00000|  0%| F|  |TAMS 0x000000008aa00000, 0x000000008aa00000| Untracked 
| 111|0x000000008ab00000, 0x000000008ab00000, 0x000000008ac00000|  0%| F|  |TAMS 0x000000008ab00000, 0x000000008ab00000| Untracked 
| 112|0x000000008ac00000, 0x000000008ac00000, 0x000000008ad00000|  0%| F|  |TAMS 0x000000008ac00000, 0x000000008ac00000| Untracked 
| 113|0x000000008ad00000, 0x000000008ad00000, 0x000000008ae00000|  0%| F|  |TAMS 0x000000008ad00000, 0x000000008ad00000| Untracked 
| 114|0x000000008ae00000, 0x000000008ae00000, 0x000000008af00000|  0%| F|  |TAMS 0x000000008ae00000, 0x000000008ae00000| Untracked 
| 115|0x000000008af00000, 0x000000008af00000, 0x000000008b000000|  0%| F|  |TAMS 0x000000008af00000, 0x000000008af00000| Untracked 
| 116|0x000000008b000000, 0x000000008b000000, 0x000000008b100000|  0%| F|  |TAMS 0x000000008b000000, 0x000000008b000000| Untracked 
| 117|0x000000008b100000, 0x000000008b100000, 0x000000008b200000|  0%| F|  |TAMS 0x000000008b100000, 0x000000008b100000| Untracked 
| 118|0x000000008b200000, 0x000000008b200000, 0x000000008b300000|  0%| F|  |TAMS 0x000000008b200000, 0x000000008b200000| Untracked 
| 119|0x000000008b300000, 0x000000008b300000, 0x000000008b400000|  0%| F|  |TAMS 0x000000008b300000, 0x000000008b300000| Untracked 
| 120|0x000000008b400000, 0x000000008b400000, 0x000000008b500000|  0%| F|  |TAMS 0x000000008b400000, 0x000000008b400000| Untracked 
| 121|0x000000008b500000, 0x000000008b500000, 0x000000008b600000|  0%| F|  |TAMS 0x000000008b500000, 0x000000008b500000| Untracked 
| 122|0x000000008b600000, 0x000000008b676458, 0x000000008b700000| 46%| E|  |TAMS 0x000000008b600000, 0x000000008b600000| Complete 
| 123|0x000000008b700000, 0x000000008b800000, 0x000000008b800000|100%| E|CS|TAMS 0x000000008b700000, 0x000000008b700000| Complete 
| 124|0x000000008b800000, 0x000000008b900000, 0x000000008b900000|100%| E|CS|TAMS 0x000000008b800000, 0x000000008b800000| Complete 
| 125|0x000000008b900000, 0x000000008ba00000, 0x000000008ba00000|100%| E|CS|TAMS 0x000000008b900000, 0x000000008b900000| Complete 

Card table byte_map: [0x00000239fae70000,0x00000239fb260000] _byte_map_base: 0x00000239faa52000

Marking Bits (Prev, Next): (CMBitMap*) 0x00000239e3f7aec0, (CMBitMap*) 0x00000239e3f7af00
 Prev Bits: [0x00000239fb650000, 0x00000239fd560000)
 Next Bits: [0x00000239fd560000, 0x00000239ff470000)

Polling page: 0x00000239e1ee0000

Metaspace:

Usage:
  Non-class:      3.12 MB used.
      Class:    344.05 KB used.
       Both:      3.45 MB used.

Virtual space:
  Non-class space:        8.00 MB reserved,       3.19 MB ( 40%) committed,  1 nodes.
      Class space:        1.00 GB reserved,     448.00 KB ( <1%) committed,  1 nodes.
             Both:        1.01 GB reserved,       3.62 MB ( <1%) committed. 

Chunk freelists:
   Non-Class:  3.92 MB
       Class:  3.58 MB
        Both:  7.51 MB

MaxMetaspaceSize: unlimited
CompressedClassSpaceSize: 1.00 GB
Initial GC threshold: 21.00 MB
Current GC threshold: 21.00 MB
CDS: on
MetaspaceReclaimPolicy: balanced
 - commit_granule_bytes: 65536.
 - commit_granule_words: 8192.
 - virtual_space_node_default_size: 1048576.
 - enlarge_chunks_in_place: 1.
 - new_chunks_are_fully_committed: 0.
 - uncommit_free_chunks: 1.
 - use_allocation_guard: 0.
 - handle_deallocations: 1.


Internal statistics:

num_allocs_failed_limit: 0.
num_arena_births: 74.
num_arena_deaths: 0.
num_vsnodes_births: 2.
num_vsnodes_deaths: 0.
num_space_committed: 58.
num_space_uncommitted: 0.
num_chunks_returned_to_freelist: 0.
num_chunks_taken_from_freelist: 93.
num_chunk_merges: 0.
num_chunk_splits: 54.
num_chunks_enlarged: 20.
num_purges: 0.
num_inconsistent_stats: 0.

CodeHeap 'non-profiled nmethods': size=120000Kb used=126Kb max_used=126Kb free=119873Kb
 bounds [0x00000239f3220000, 0x00000239f3490000, 0x00000239fa750000]
CodeHeap 'profiled nmethods': size=120000Kb used=538Kb max_used=538Kb free=119461Kb
 bounds [0x00000239ebcf0000, 0x00000239ebf60000, 0x00000239f3220000]
CodeHeap 'non-nmethods': size=5760Kb used=1183Kb max_used=1190Kb free=4576Kb
 bounds [0x00000239eb750000, 0x00000239eb9c0000, 0x00000239ebcf0000]
 total_blobs=866 nmethods=397 adapters=382
 compilation: enabled
              stopped_count=0, restarted_count=0
 full_count=0

Compilation events (20 events):
Event: 0.150 Thread 0x00000239ffe5a630 nmethod 389 0x00000239ebd72110 code [0x00000239ebd722e0, 0x00000239ebd726b8]
Event: 0.150 Thread 0x00000239ffe5a630  390       3       java.lang.StringLatin1::compareTo (14 bytes)
Event: 0.150 Thread 0x00000239ffe5a630 nmethod 390 0x00000239ebd72890 code [0x00000239ebd72a40, 0x00000239ebd72b68]
Event: 0.150 Thread 0x00000239ffe5a630  388       3       java.lang.String::compareTo (63 bytes)
Event: 0.150 Thread 0x00000239ffe5a630 nmethod 388 0x00000239ebd72c90 code [0x00000239ebd72ea0, 0x00000239ebd73338]
Event: 0.150 Thread 0x00000239ffe5a630  391       1       java.util.concurrent.atomic.AtomicInteger::get (5 bytes)
Event: 0.150 Thread 0x00000239ffe5a630 nmethod 391 0x00000239f323f710 code [0x00000239f323f8a0, 0x00000239f323f978]
Event: 0.150 Thread 0x00000239ffe5a630  392       3       java.util.IdentityHashMap$IdentityHashMapIterator::hasNext (50 bytes)
Event: 0.150 Thread 0x00000239ffe5a630 nmethod 392 0x00000239ebd73510 code [0x00000239ebd736c0, 0x00000239ebd73918]
Event: 0.151 Thread 0x00000239ffe5a630  393       3       java.lang.invoke.MethodTypeForm::canonicalize (59 bytes)
Event: 0.152 Thread 0x00000239ffe5a630 nmethod 393 0x00000239ebd73a10 code [0x00000239ebd73be0, 0x00000239ebd73ee8]
Event: 0.152 Thread 0x00000239ffe5a630  394       3       java.lang.invoke.MethodType$ConcurrentWeakInternSet::add (66 bytes)
Event: 0.152 Thread 0x00000239ffe5a630 nmethod 394 0x00000239ebd74010 code [0x00000239ebd742a0, 0x00000239ebd750c8]
Event: 0.152 Thread 0x00000239ffe5a630  396       3       java.lang.invoke.MethodHandles$Lookup::lookupClassOrNull (17 bytes)
Event: 0.152 Thread 0x00000239ffe5a630 nmethod 396 0x00000239ebd75610 code [0x00000239ebd757a0, 0x00000239ebd75938]
Event: 0.152 Thread 0x00000239ffe5a630  395       3       jdk.internal.org.objectweb.asm.ClassReader::readUnsignedShort (26 bytes)
Event: 0.152 Thread 0x00000239ffe5a630 nmethod 395 0x00000239ebd75a10 code [0x00000239ebd75ba0, 0x00000239ebd75d18]
Event: 0.152 Thread 0x00000239ffe5a630  397       3       sun.awt.AppContext::getAppContext (51 bytes)
Event: 0.152 Thread 0x00000239ffe5a630 nmethod 397 0x00000239ebd75e10 code [0x00000239ebd76040, 0x00000239ebd76788]
Event: 0.154 Thread 0x00000239ffe5a630  398       3       jdk.internal.org.objectweb.asm.ByteVector::putByteArray (49 bytes)

GC Heap History (0 events):
No events

Deoptimization events (4 events):
Event: 0.151 Thread 0x00000239e3f3bc60 Uncommon trap: trap_request=0xffffff45 fr.pc=0x00000239f322e7dc relative=0x000000000000087c
Event: 0.151 Thread 0x00000239e3f3bc60 Uncommon trap: reason=unstable_if action=reinterpret pc=0x00000239f322e7dc method=java.util.HashMap.putVal(ILjava/lang/Object;Ljava/lang/Object;ZZ)Ljava/lang/Object; @ 81 c2
Event: 0.151 Thread 0x00000239e3f3bc60 DEOPT PACKING pc=0x00000239f322e7dc sp=0x0000006d269fe2a0
Event: 0.151 Thread 0x00000239e3f3bc60 DEOPT UNPACKING pc=0x00000239eb7a5c23 sp=0x0000006d269fe240 mode 2

Classes unloaded (0 events):
No events

Classes redefined (0 events):
No events

Internal exceptions (9 events):
Event: 0.051 Thread 0x00000239e3f3bc60 Exception <a 'sun/nio/fs/WindowsException'{0x000000008b83f550}> (0x000000008b83f550) 
thrown [t:\workspace\open\src\hotspot\share\prims\jni.cpp, line 516]
Event: 0.052 Thread 0x00000239e3f3bc60 Exception <a 'sun/nio/fs/WindowsException'{0x000000008b83fab0}> (0x000000008b83fab0) 
thrown [t:\workspace\open\src\hotspot\share\prims\jni.cpp, line 516]
Event: 0.054 Thread 0x00000239e3f3bc60 Exception <a 'sun/nio/fs/WindowsException'{0x000000008b841e80}> (0x000000008b841e80) 
thrown [t:\workspace\open\src\hotspot\share\prims\jni.cpp, line 516]
Event: 0.054 Thread 0x00000239e3f3bc60 Exception <a 'sun/nio/fs/WindowsException'{0x000000008b842970}> (0x000000008b842970) 
thrown [t:\workspace\open\src\hotspot\share\prims\jni.cpp, line 516]
Event: 0.077 Thread 0x00000239e3f3bc60 Exception <a 'java/lang/ClassNotFoundException'{0x000000008b8e38c8}: sun/awt/resources/spi/awtProvider> (0x000000008b8e38c8) 
thrown [t:\workspace\open\src\hotspot\share\classfile\systemDictionary.cpp, line 256]
Event: 0.094 Thread 0x00000239e3f3bc60 Exception <a 'java/io/FileNotFoundException'{0x000000008b737d30}> (0x000000008b737d30) 
thrown [t:\workspace\open\src\hotspot\share\prims\jni.cpp, line 516]
Event: 0.100 Thread 0x00000239e3f3bc60 Exception <a 'java/io/FileNotFoundException'{0x000000008b764c58}> (0x000000008b764c58) 
thrown [t:\workspace\open\src\hotspot\share\prims\jni.cpp, line 516]
Event: 0.129 Thread 0x00000239e3f3bc60 Exception <a 'java/lang/NoSuchMethodError'{0x000000008b7a92c8}: 'java.lang.Object java.lang.invoke.DirectMethodHandle$Holder.invokeStaticInit(java.lang.Object)'> (0x000000008b7a92c8) 
thrown [t:\workspace\open\src\hotspot\share\interpreter\linkResolver.cpp, line 766]
Event: 0.151 Thread 0x00000239e3f3bc60 Exception <a 'java/lang/NoSuchMethodError'{0x000000008b606d70}: 'void java.lang.invoke.DirectMethodHandle$Holder.invokeSpecial(java.lang.Object, java.lang.Object, java.lang.Object)'> (0x000000008b606d70) 
thrown [t:\workspace\open\src\hotspot\share\interpreter\linkResolver.cpp, line 766]

VM Operations (2 events):
Event: 0.054 Executing VM operation: HandshakeAllThreads
Event: 0.055 Executing VM operation: HandshakeAllThreads done

Events (20 events):
Event: 0.153 loading class sun/swing/DefaultLookup
Event: 0.153 loading class sun/swing/DefaultLookup done
Event: 0.153 loading class javax/swing/plaf/metal/OceanTheme
Event: 0.153 loading class javax/swing/plaf/metal/DefaultMetalTheme
Event: 0.153 loading class javax/swing/plaf/metal/MetalTheme
Event: 0.153 loading class javax/swing/plaf/metal/MetalTheme done
Event: 0.153 loading class javax/swing/plaf/metal/DefaultMetalTheme done
Event: 0.153 loading class javax/swing/plaf/metal/OceanTheme done
Event: 0.153 loading class javax/swing/plaf/ColorUIResource
Event: 0.153 loading class javax/swing/plaf/UIResource
Event: 0.153 loading class javax/swing/plaf/UIResource done
Event: 0.153 loading class javax/swing/plaf/ColorUIResource done
Event: 0.153 loading class sun/swing/PrintColorUIResource
Event: 0.153 loading class sun/swing/PrintColorUIResource done
Event: 0.153 loading class javax/swing/plaf/metal/DefaultMetalTheme$FontDelegate
Event: 0.153 loading class javax/swing/plaf/metal/DefaultMetalTheme$FontDelegate done
Event: 0.153 loading class javax/swing/plaf/FontUIResource
Event: 0.153 loading class javax/swing/plaf/FontUIResource done
Event: 0.154 loading class javax/swing/UIDefaults$LazyValue
Event: 0.154 loading class javax/swing/UIDefaults$LazyValue done


Dynamic libraries:
0x00007ff65a2b0000 - 0x00007ff65a2c0000 	C:\Program Files\Java\jdk-17.0.1\bin\java.exe
0x00007ff876a70000 - 0x00007ff876c68000 	C:\Windows\SYSTEM32\ntdll.dll
0x00007ff875750000 - 0x00007ff87580d000 	C:\Windows\System32\KERNEL32.DLL
0x00007ff874370000 - 0x00007ff874666000 	C:\Windows\System32\KERNELBASE.dll
0x00007ff8749d0000 - 0x00007ff874ad0000 	C:\Windows\System32\ucrtbase.dll
0x00007ff86c9c0000 - 0x00007ff86c9da000 	C:\Program Files\Java\jdk-17.0.1\bin\VCRUNTIME140.dll
0x00007ff86d8c0000 - 0x00007ff86d8d8000 	C:\Program Files\Java\jdk-17.0.1\bin\jli.dll
0x00007ff875840000 - 0x00007ff8758ee000 	C:\Windows\System32\ADVAPI32.dll
0x00007ff875010000 - 0x00007ff8750ae000 	C:\Windows\System32\msvcrt.dll
0x00007ff875b00000 - 0x00007ff875b9c000 	C:\Windows\System32\sechost.dll
0x00007ff875da0000 - 0x00007ff875ec6000 	C:\Windows\System32\RPCRT4.dll
0x00007ff875f40000 - 0x00007ff8760de000 	C:\Windows\System32\USER32.dll
0x00007ff8749a0000 - 0x00007ff8749c2000 	C:\Windows\System32\win32u.dll
0x00007ff860ba0000 - 0x00007ff860e3a000 	C:\Windows\WinSxS\amd64_microsoft.windows.common-controls_6595b64144ccf1df_6.0.19041.1110_none_60b5254171f9507e\COMCTL32.dll
0x00007ff875810000 - 0x00007ff87583c000 	C:\Windows\System32\GDI32.dll
0x00007ff8747d0000 - 0x00007ff8748ea000 	C:\Windows\System32\gdi32full.dll
0x00007ff8746a0000 - 0x00007ff87473d000 	C:\Windows\System32\msvcp_win.dll
0x00007ff8696a0000 - 0x00007ff8696aa000 	C:\Windows\SYSTEM32\VERSION.dll
0x00007ff876a00000 - 0x00007ff876a30000 	C:\Windows\System32\IMM32.DLL
0x00007ff86f7f0000 - 0x00007ff86f7fc000 	C:\Program Files\Java\jdk-17.0.1\bin\vcruntime140_1.dll
0x00007ff8539a0000 - 0x00007ff853a2d000 	C:\Program Files\Java\jdk-17.0.1\bin\msvcp140.dll
0x00007ff832960000 - 0x00007ff83351e000 	C:\Program Files\Java\jdk-17.0.1\bin\server\jvm.dll
0x00007ff8750b0000 - 0x00007ff8750b8000 	C:\Windows\System32\PSAPI.DLL
0x00007ff8538e0000 - 0x00007ff853907000 	C:\Windows\SYSTEM32\WINMM.dll
0x00007ff86c850000 - 0x00007ff86c859000 	C:\Windows\SYSTEM32\WSOCK32.dll
0x00007ff875ed0000 - 0x00007ff875f3b000 	C:\Windows\System32\WS2_32.dll
0x00007ff872970000 - 0x00007ff872982000 	C:\Windows\SYSTEM32\kernel.appcore.dll
0x00007ff86d420000 - 0x00007ff86d42a000 	C:\Program Files\Java\jdk-17.0.1\bin\jimage.dll
0x00007ff871ec0000 - 0x00007ff8720a4000 	C:\Windows\SYSTEM32\DBGHELP.DLL
0x00007ff858220000 - 0x00007ff858254000 	C:\Windows\SYSTEM32\dbgcore.DLL
0x00007ff874740000 - 0x00007ff8747c2000 	C:\Windows\System32\bcryptPrimitives.dll
0x00007ff863240000 - 0x00007ff863265000 	C:\Program Files\Java\jdk-17.0.1\bin\java.dll
0x00007ff856850000 - 0x00007ff856926000 	C:\Program Files\Java\jdk-17.0.1\bin\svml.dll
0x00007ff876210000 - 0x00007ff876955000 	C:\Windows\System32\SHELL32.dll
0x00007ff8721c0000 - 0x00007ff87295b000 	C:\Windows\SYSTEM32\windows.storage.dll
0x00007ff875370000 - 0x00007ff8756c4000 	C:\Windows\System32\combase.dll
0x00007ff873ac0000 - 0x00007ff873aee000 	C:\Windows\SYSTEM32\Wldp.dll
0x00007ff876160000 - 0x00007ff87620d000 	C:\Windows\System32\SHCORE.dll
0x00007ff875c60000 - 0x00007ff875cb5000 	C:\Windows\System32\shlwapi.dll
0x00007ff874080000 - 0x00007ff8740a5000 	C:\Windows\SYSTEM32\profapi.dll
0x00007ff86c9a0000 - 0x00007ff86c9b9000 	C:\Program Files\Java\jdk-17.0.1\bin\net.dll
0x00007ff86e420000 - 0x00007ff86e52a000 	C:\Windows\SYSTEM32\WINHTTP.dll
0x00007ff873820000 - 0x00007ff87388a000 	C:\Windows\system32\mswsock.dll
0x00007ff86c8b0000 - 0x00007ff86c8c5000 	C:\Program Files\Java\jdk-17.0.1\bin\nio.dll
0x00007ff8373c0000 - 0x00007ff83754f000 	C:\Program Files\Java\jdk-17.0.1\bin\awt.dll
0x00007ff874ad0000 - 0x00007ff874b9d000 	C:\Windows\System32\OLEAUT32.dll
0x00007ff871530000 - 0x00007ff8715c1000 	C:\Windows\SYSTEM32\apphelp.dll
0x00007ff871910000 - 0x00007ff87193f000 	C:\Windows\system32\DWMAPI.DLL
0x00007ff871710000 - 0x00007ff8717ae000 	C:\Windows\system32\uxtheme.dll
0x00007ff859150000 - 0x00007ff859275000 	C:\Windows\system32\opengl32.dll
0x00007ff86d1a0000 - 0x00007ff86d1cc000 	C:\Windows\SYSTEM32\GLU32.dll
0x00007ff875250000 - 0x00007ff875364000 	C:\Windows\System32\MSCTF.dll
0x00007ff875120000 - 0x00007ff87524a000 	C:\Windows\System32\ole32.dll

dbghelp: loaded successfully - version: 4.0.5 - missing functions: none
symbol engine: initialized successfully - sym options: 0x614 - pdb path: .;C:\Program Files\Java\jdk-17.0.1\bin;C:\Windows\SYSTEM32;C:\Windows\WinSxS\amd64_microsoft.windows.common-controls_6595b64144ccf1df_6.0.19041.1110_none_60b5254171f9507e;C:\Program Files\Java\jdk-17.0.1\bin\server

VM Arguments:
jvm_args: -Dfile.encoding=UTF-8 --module-path=C:\Users\HP\Documents\NetBeansProjects\bank management system\build\classes 
java_command: bank.management.system.Login
java_class_path (initial): C:\Users\HP\Documents\NetBeansProjects\bank management system\build\classes
Launcher Type: SUN_STANDARD

[Global flags]
     intx CICompilerCount                          = 4                                         {product} {ergonomic}
     uint ConcGCThreads                            = 2                                         {product} {ergonomic}
     uint G1ConcRefinementThreads                  = 8                                         {product} {ergonomic}
   size_t G1HeapRegionSize                         = 1048576                                   {product} {ergonomic}
    uintx GCDrainStackTargetSize                   = 64                                        {product} {ergonomic}
   size_t InitialHeapSize                          = 132120576                                 {product} {ergonomic}
   size_t MarkStackSize                            = 4194304                                   {product} {ergonomic}
   size_t MaxHeapSize                              = 2084569088                                {product} {ergonomic}
   size_t MaxNewSize                               = 1249902592                                {product} {ergonomic}
   size_t MinHeapDeltaBytes                        = 1048576                                   {product} {ergonomic}
   size_t MinHeapSize                              = 8388608                                   {product} {ergonomic}
    uintx NonNMethodCodeHeapSize                   = 5839372                                {pd product} {ergonomic}
    uintx NonProfiledCodeHeapSize                  = 122909434                              {pd product} {ergonomic}
    uintx ProfiledCodeHeapSize                     = 122909434                              {pd product} {ergonomic}
    uintx ReservedCodeCacheSize                    = 251658240                              {pd product} {ergonomic}
     bool SegmentedCodeCache                       = true                                      {product} {ergonomic}
   size_t SoftMaxHeapSize                          = 2084569088                             {manageable} {ergonomic}
     bool UseCompressedClassPointers               = true                           {product lp64_product} {ergonomic}
     bool UseCompressedOops                        = true                           {product lp64_product} {ergonomic}
     bool UseG1GC                                  = true                                      {product} {ergonomic}
     bool UseLargePagesIndividualAllocation        = false                                  {pd product} {ergonomic}

Logging:
Log output configuration:
 #0: stdout all=warning uptime,level,tags
 #1: stderr all=off uptime,level,tags

Environment Variables:
PATH=C:\Program Files (x86)\Common Files\Intel\Shared Libraries\redist\intel64\compiler;C:\Program Files\Common Files\Oracle\Java\javapath;C:\Program Files (x86)\VMware\VMware Workstation\bin\;C:\Windows\system32;C:\Windows;C:\Windows\System32\Wbem;C:\Windows\System32\WindowsPowerShell\v1.0\;C:\Windows\System32\OpenSSH\;C:\Program Files (x86)\NVIDIA Corporation\PhysX\Common;C:\Users\HP\AppData\Local\Programs\Python\Python310\Scripts\;C:\Users\HP\AppData\Local\Programs\Python\Python310\;C:\Users\HP\AppData\Local\Microsoft\WindowsApps;C:\Users\HP\AppData\Local\Programs\Microsoft VS Code\bin;C:\Users\HP\AppData\Local\GitHubDesktop\bin;C:\src\flutter\bin;
USERNAME=HP
OS=Windows_NT
PROCESSOR_IDENTIFIER=Intel64 Family 6 Model 140 Stepping 1, GenuineIntel



---------------  S Y S T E M  ---------------

OS:
 Windows 10 , 64 bit Build 19041 (10.0.19041.3393)
OS uptime: 18 days 3:21 hours

CPU: total 8 (initial active 8) (4 cores per cpu, 2 threads per core) family 6 model 140 stepping 1 microcode 0x86, cx8, cmov, fxsr, ht, mmx, 3dnowpref, sse, sse2, sse3, ssse3, sse4.1, sse4.2, popcnt, lzcnt, tsc, tscinvbit, avx, avx2, aes, erms, clmul, bmi1, bmi2, adx, avx512f, avx512dq, avx512cd, avx512bw, avx512vl, sha, fma, vzeroupper, avx512_vpopcntdq, avx512_vpclmulqdq, avx512_vaes, avx512_vnni, clflush, clflushopt, clwb, avx512_vbmi2, avx512_vbmi

Memory: 4k page, system-wide physical 7948M (650M free)
TotalPageFile size 32524M (AvailPageFile size 3M)
current process WorkingSet (physical memory assigned to process): 42M, peak: 42M
current process commit charge ("private bytes"): 213M, peak: 213M

vm_info: Java HotSpot(TM) 64-Bit Server VM (17.0.1+12-LTS-39) for windows-amd64 JRE (17.0.1+12-LTS-39), built on Sep 27 2021 18:41:35 by "mach5one" with MS VC++ 16.8 (VS2019)

END.
