#
# There is insufficient memory for the Java Runtime Environment to continue.
# Native memory allocation (mmap) failed to map 65536 bytes for Failed to commit metaspace.
# Possible reasons:
#   The system is out of physical RAM or swap space
#   The process is running with CompressedOops enabled, and the Java Heap may be blocking the growth of the native heap
# Possible solutions:
#   Reduce memory load on the system
#   Increase physical memory or swap space
#   Check if swap backing store is full
#   Decrease Java heap size (-Xmx/-Xms)
#   Decrease number of Java threads
#   Decrease Java thread stack sizes (-Xss)
#   Set larger code cache with -XX:ReservedCodeCacheSize=
#   JVM is running with Unscaled Compressed Oops mode in which the Java heap is
#     placed in the first 4GB address space. The Java Heap base address is the
#     maximum limit for the native heap growth. Please use -XX:HeapBaseMinAddress
#     to set the Java Heap base and to place the Java Heap above 4GB virtual address.
# This output file may be truncated or incomplete.
#
#  Out of Memory Error (virtualSpaceNode.cpp:110), pid=20292, tid=8280
#
# JRE version: Java(TM) SE Runtime Environment (17.0.1+12) (build 17.0.1+12-LTS-39)
# Java VM: Java HotSpot(TM) 64-Bit Server VM (17.0.1+12-LTS-39, mixed mode, sharing, tiered, compressed oops, compressed class ptrs, g1 gc, windows-amd64)
# No core dump will be written. Minidumps are not enabled by default on client versions of Windows
#

---------------  S U M M A R Y ------------

Command Line: -Dfile.encoding=UTF-8 --module-path=C:\Users\HP\Documents\NetBeansProjects\bank management system\build\classes bank.management.system.Login

Host: 11th Gen Intel(R) Core(TM) i5-1135G7 @ 2.40GHz, 8 cores, 7G,  Windows 10 , 64 bit Build 19041 (10.0.19041.3393)
Time: Mon Oct 23 20:00:09 2023 Sri Lanka Standard Time elapsed time: 0.179448 seconds (0d 0h 0m 0s)

---------------  T H R E A D  ---------------

Current thread (0x0000017f43385800):  JavaThread "Image Fetcher 0" daemon [_thread_in_vm, id=8280, stack(0x0000005131f00000,0x0000005132000000)]

Stack: [0x0000005131f00000,0x0000005132000000]
Native frames: (J=compiled Java code, j=interpreted, Vv=VM code, C=native code)
V  [jvm.dll+0x66fa1a]
V  [jvm.dll+0x7ce5a4]
V  [jvm.dll+0x7cfd4e]
V  [jvm.dll+0x7d03b3]
V  [jvm.dll+0x242b05]
V  [jvm.dll+0x7ca54b]
V  [jvm.dll+0x615b76]
V  [jvm.dll+0x615bda]
V  [jvm.dll+0x6183ea]
V  [jvm.dll+0x616516]
V  [jvm.dll+0x2384e0]
V  [jvm.dll+0x1e87ad]
V  [jvm.dll+0x1de1f1]
V  [jvm.dll+0x537690]
V  [jvm.dll+0x1ee9d7]
V  [jvm.dll+0x748afb]
V  [jvm.dll+0x749ea2]
V  [jvm.dll+0x74a1d8]
V  [jvm.dll+0x23ae5e]
V  [jvm.dll+0x37afce]
C  0x0000017f2b77b80d

Java frames: (J=compiled Java code, j=interpreted, Vv=VM code)
j  sun.net.www.MimeTable.parse(Ljava/lang/String;Ljava/lang/String;)V+0 java.base@17.0.1
j  sun.net.www.MimeTable.parse(Ljava/util/Properties;)V+63 java.base@17.0.1
j  sun.net.www.MimeTable.load()V+191 java.base@17.0.1
j  sun.net.www.MimeTable.<init>()V+27 java.base@17.0.1
j  sun.net.www.MimeTable$DefaultInstanceHolder$1.run()Lsun/net/www/MimeTable;+4 java.base@17.0.1
j  sun.net.www.MimeTable$DefaultInstanceHolder$1.run()Ljava/lang/Object;+1 java.base@17.0.1
j  java.security.AccessController.executePrivileged(Ljava/security/PrivilegedAction;Ljava/security/AccessControlContext;Ljava/lang/Class;)Ljava/lang/Object;+29 java.base@17.0.1
j  java.security.AccessController.doPrivileged(Ljava/security/PrivilegedAction;)Ljava/lang/Object;+5 java.base@17.0.1
j  sun.net.www.MimeTable$DefaultInstanceHolder.getDefaultInstance()Lsun/net/www/MimeTable;+7 java.base@17.0.1
j  sun.net.www.MimeTable$DefaultInstanceHolder.<clinit>()V+0 java.base@17.0.1
v  ~StubRoutines::call_stub
j  sun.net.www.MimeTable.getDefaultTable()Lsun/net/www/MimeTable;+0 java.base@17.0.1
j  sun.net.www.MimeTable.loadTable()Ljava/net/FileNameMap;+0 java.base@17.0.1
j  java.net.URLConnection$1.<init>()V+5 java.base@17.0.1
j  java.net.URLConnection.getFileNameMap()Ljava/net/FileNameMap;+12 java.base@17.0.1
j  sun.net.www.protocol.file.FileURLConnection.initializeHeaders()V+62 java.base@17.0.1
j  sun.net.www.protocol.file.FileURLConnection.getHeaderField(Ljava/lang/String;)Ljava/lang/String;+1 java.base@17.0.1
j  sun.net.www.URLConnection.getContentType()Ljava/lang/String;+11 java.base@17.0.1
j  sun.awt.image.URLImageSource.getDecoder()Lsun/awt/image/ImageDecoder;+17 java.desktop@17.0.1
j  sun.awt.image.InputStreamImageSource.doFetch()V+30 java.desktop@17.0.1
j  sun.awt.image.ImageFetcher.fetchloop()V+31 java.desktop@17.0.1
j  sun.awt.image.ImageFetcher.run()V+5 java.desktop@17.0.1
v  ~StubRoutines::call_stub

---------------  P R O C E S S  ---------------

Threads class SMR info:
_java_thread_list=0x0000017f432ff770, length=17, elements={
0x0000017f2273dd90, 0x0000017f42642e40, 0x0000017f426439f0, 0x0000017f42651630,
0x0000017f42653ff0, 0x0000017f426549a0, 0x0000017f42657360, 0x0000017f42658040,
0x0000017f42658ae0, 0x0000017f4265a4e0, 0x0000017f430ab5a0, 0x0000017f43141a50,
0x0000017f43153fc0, 0x0000017f432c4d40, 0x0000017f432c5620, 0x0000017f4330b3d0,
0x0000017f43385800
}

Java Threads: ( => current thread )
  0x0000017f2273dd90 JavaThread "main" [_thread_blocked, id=28452, stack(0x0000005130800000,0x0000005130900000)]
  0x0000017f42642e40 JavaThread "Reference Handler" daemon [_thread_blocked, id=17560, stack(0x0000005130f00000,0x0000005131000000)]
  0x0000017f426439f0 JavaThread "Finalizer" daemon [_thread_blocked, id=12084, stack(0x0000005131000000,0x0000005131100000)]
  0x0000017f42651630 JavaThread "Signal Dispatcher" daemon [_thread_blocked, id=21028, stack(0x0000005131100000,0x0000005131200000)]
  0x0000017f42653ff0 JavaThread "Attach Listener" daemon [_thread_blocked, id=20940, stack(0x0000005131200000,0x0000005131300000)]
  0x0000017f426549a0 JavaThread "Service Thread" daemon [_thread_blocked, id=14472, stack(0x0000005131300000,0x0000005131400000)]
  0x0000017f42657360 JavaThread "Monitor Deflation Thread" daemon [_thread_blocked, id=28596, stack(0x0000005131400000,0x0000005131500000)]
  0x0000017f42658040 JavaThread "C2 CompilerThread0" daemon [_thread_blocked, id=928, stack(0x0000005131500000,0x0000005131600000)]
  0x0000017f42658ae0 JavaThread "C1 CompilerThread0" daemon [_thread_in_vm, id=10484, stack(0x0000005131600000,0x0000005131700000)]
  0x0000017f4265a4e0 JavaThread "Sweeper thread" daemon [_thread_blocked, id=19596, stack(0x0000005131700000,0x0000005131800000)]
  0x0000017f430ab5a0 JavaThread "Common-Cleaner" daemon [_thread_blocked, id=28004, stack(0x0000005131800000,0x0000005131900000)]
  0x0000017f43141a50 JavaThread "C2 CompilerThread1" daemon [_thread_blocked, id=17872, stack(0x0000005131900000,0x0000005131a00000)]
  0x0000017f43153fc0 JavaThread "Notification Thread" daemon [_thread_blocked, id=3092, stack(0x0000005131a00000,0x0000005131b00000)]
  0x0000017f432c4d40 JavaThread "Java2D Disposer" daemon [_thread_blocked, id=7560, stack(0x0000005131c00000,0x0000005131d00000)]
  0x0000017f432c5620 JavaThread "AWT-Shutdown" [_thread_blocked, id=23736, stack(0x0000005131d00000,0x0000005131e00000)]
  0x0000017f4330b3d0 JavaThread "AWT-Windows" daemon [_thread_in_native, id=8320, stack(0x0000005131e00000,0x0000005131f00000)]
=>0x0000017f43385800 JavaThread "Image Fetcher 0" daemon [_thread_in_vm, id=8280, stack(0x0000005131f00000,0x0000005132000000)]

Other Threads:
  0x0000017f4263dae0 VMThread "VM Thread" [stack: 0x0000005130e00000,0x0000005130f00000] [id=27880]
  0x0000017f22799cf0 WatcherThread [stack: 0x0000005131b00000,0x0000005131c00000] [id=9952]
  0x0000017f22781fe0 GCTaskThread "GC Thread#0" [stack: 0x0000005130900000,0x0000005130a00000] [id=12912]
  0x0000017f227937b0 ConcurrentGCThread "G1 Main Marker" [stack: 0x0000005130a00000,0x0000005130b00000] [id=28048]
  0x0000017f227941c0 ConcurrentGCThread "G1 Conc#0" [stack: 0x0000005130b00000,0x0000005130c00000] [id=3696]
  0x0000017f228166e0 ConcurrentGCThread "G1 Refine#0" [stack: 0x0000005130c00000,0x0000005130d00000] [id=24044]
  0x0000017f22817100 ConcurrentGCThread "G1 Service" [stack: 0x0000005130d00000,0x0000005130e00000] [id=11356]

Threads with active compile tasks:
C1 CompilerThread0      189  505       3       java.util.concurrent.ConcurrentHashMap$Traverser::advance (188 bytes)

VM state: not at safepoint (normal execution)

VM Mutex/Monitor currently owned by a thread:  ([mutex/lock_event])
[0x0000017f227383a0] Metaspace_lock - owner thread: 0x0000017f43385800
[0x0000017f2273a890] MethodData_lock - owner thread: 0x0000017f42658ae0

Heap address: 0x0000000083c00000, size: 1988 MB, Compressed Oops mode: 32-bit

CDS archive(s) mapped at: [0x0000000800000000-0x0000000800bc0000-0x0000000800bc0000), size 12320768, SharedBaseAddress: 0x0000000800000000, ArchiveRelocationMode: 0.
Compressed class space mapped at: 0x0000000800c00000-0x0000000840c00000, reserved size: 1073741824
Narrow klass base: 0x0000000800000000, Narrow klass shift: 0, Narrow klass range: 0x100000000

GC Precious Log:
 CPUs: 8 total, 8 available
 Memory: 7948M
 Large Page Support: Disabled
 NUMA Support: Disabled
 Compressed Oops: Enabled (32-bit)
 Heap Region Size: 1M
 Heap Min Capacity: 8M
 Heap Initial Capacity: 126M
 Heap Max Capacity: 1988M
 Pre-touch: Disabled
 Parallel Workers: 8
 Concurrent Workers: 2
 Concurrent Refinement Workers: 8
 Periodic GC: Disabled

Heap:
 garbage-first heap   total 129024K, used 4096K [0x0000000083c00000, 0x0000000100000000)
  region size 1024K, 5 young (5120K), 0 survivors (0K)
 Metaspace       used 4315K, committed 4416K, reserved 1056768K
  class space    used 473K, committed 512K, reserved 1048576K

Heap Regions: E=young(eden), S=young(survivor), O=old, HS=humongous(starts), HC=humongous(continues), CS=collection set, F=free, OA=open archive, CA=closed archive, TAMS=top-at-mark-start (previous, next)
|   0|0x0000000083c00000, 0x0000000083c00000, 0x0000000083d00000|  0%| F|  |TAMS 0x0000000083c00000, 0x0000000083c00000| Untracked 
|   1|0x0000000083d00000, 0x0000000083d00000, 0x0000000083e00000|  0%| F|  |TAMS 0x0000000083d00000, 0x0000000083d00000| Untracked 
|   2|0x0000000083e00000, 0x0000000083e00000, 0x0000000083f00000|  0%| F|  |TAMS 0x0000000083e00000, 0x0000000083e00000| Untracked 
|   3|0x0000000083f00000, 0x0000000083f00000, 0x0000000084000000|  0%| F|  |TAMS 0x0000000083f00000, 0x0000000083f00000| Untracked 
|   4|0x0000000084000000, 0x0000000084000000, 0x0000000084100000|  0%| F|  |TAMS 0x0000000084000000, 0x0000000084000000| Untracked 
|   5|0x0000000084100000, 0x0000000084100000, 0x0000000084200000|  0%| F|  |TAMS 0x0000000084100000, 0x0000000084100000| Untracked 
|   6|0x0000000084200000, 0x0000000084200000, 0x0000000084300000|  0%| F|  |TAMS 0x0000000084200000, 0x0000000084200000| Untracked 
|   7|0x0000000084300000, 0x0000000084300000, 0x0000000084400000|  0%| F|  |TAMS 0x0000000084300000, 0x0000000084300000| Untracked 
|   8|0x0000000084400000, 0x0000000084400000, 0x0000000084500000|  0%| F|  |TAMS 0x0000000084400000, 0x0000000084400000| Untracked 
|   9|0x0000000084500000, 0x0000000084500000, 0x0000000084600000|  0%| F|  |TAMS 0x0000000084500000, 0x0000000084500000| Untracked 
|  10|0x0000000084600000, 0x0000000084600000, 0x0000000084700000|  0%| F|  |TAMS 0x0000000084600000, 0x0000000084600000| Untracked 
|  11|0x0000000084700000, 0x0000000084700000, 0x0000000084800000|  0%| F|  |TAMS 0x0000000084700000, 0x0000000084700000| Untracked 
|  12|0x0000000084800000, 0x0000000084800000, 0x0000000084900000|  0%| F|  |TAMS 0x0000000084800000, 0x0000000084800000| Untracked 
|  13|0x0000000084900000, 0x0000000084900000, 0x0000000084a00000|  0%| F|  |TAMS 0x0000000084900000, 0x0000000084900000| Untracked 
|  14|0x0000000084a00000, 0x0000000084a00000, 0x0000000084b00000|  0%| F|  |TAMS 0x0000000084a00000, 0x0000000084a00000| Untracked 
|  15|0x0000000084b00000, 0x0000000084b00000, 0x0000000084c00000|  0%| F|  |TAMS 0x0000000084b00000, 0x0000000084b00000| Untracked 
|  16|0x0000000084c00000, 0x0000000084c00000, 0x0000000084d00000|  0%| F|  |TAMS 0x0000000084c00000, 0x0000000084c00000| Untracked 
|  17|0x0000000084d00000, 0x0000000084d00000, 0x0000000084e00000|  0%| F|  |TAMS 0x0000000084d00000, 0x0000000084d00000| Untracked 
|  18|0x0000000084e00000, 0x0000000084e00000, 0x0000000084f00000|  0%| F|  |TAMS 0x0000000084e00000, 0x0000000084e00000| Untracked 
|  19|0x0000000084f00000, 0x0000000084f00000, 0x0000000085000000|  0%| F|  |TAMS 0x0000000084f00000, 0x0000000084f00000| Untracked 
|  20|0x0000000085000000, 0x0000000085000000, 0x0000000085100000|  0%| F|  |TAMS 0x0000000085000000, 0x0000000085000000| Untracked 
|  21|0x0000000085100000, 0x0000000085100000, 0x0000000085200000|  0%| F|  |TAMS 0x0000000085100000, 0x0000000085100000| Untracked 
|  22|0x0000000085200000, 0x0000000085200000, 0x0000000085300000|  0%| F|  |TAMS 0x0000000085200000, 0x0000000085200000| Untracked 
|  23|0x0000000085300000, 0x0000000085300000, 0x0000000085400000|  0%| F|  |TAMS 0x0000000085300000, 0x0000000085300000| Untracked 
|  24|0x0000000085400000, 0x0000000085400000, 0x0000000085500000|  0%| F|  |TAMS 0x0000000085400000, 0x0000000085400000| Untracked 
|  25|0x0000000085500000, 0x0000000085500000, 0x0000000085600000|  0%| F|  |TAMS 0x0000000085500000, 0x0000000085500000| Untracked 
|  26|0x0000000085600000, 0x0000000085600000, 0x0000000085700000|  0%| F|  |TAMS 0x0000000085600000, 0x0000000085600000| Untracked 
|  27|0x0000000085700000, 0x0000000085700000, 0x0000000085800000|  0%| F|  |TAMS 0x0000000085700000, 0x0000000085700000| Untracked 
|  28|0x0000000085800000, 0x0000000085800000, 0x0000000085900000|  0%| F|  |TAMS 0x0000000085800000, 0x0000000085800000| Untracked 
|  29|0x0000000085900000, 0x0000000085900000, 0x0000000085a00000|  0%| F|  |TAMS 0x0000000085900000, 0x0000000085900000| Untracked 
|  30|0x0000000085a00000, 0x0000000085a00000, 0x0000000085b00000|  0%| F|  |TAMS 0x0000000085a00000, 0x0000000085a00000| Untracked 
|  31|0x0000000085b00000, 0x0000000085b00000, 0x0000000085c00000|  0%| F|  |TAMS 0x0000000085b00000, 0x0000000085b00000| Untracked 
|  32|0x0000000085c00000, 0x0000000085c00000, 0x0000000085d00000|  0%| F|  |TAMS 0x0000000085c00000, 0x0000000085c00000| Untracked 
|  33|0x0000000085d00000, 0x0000000085d00000, 0x0000000085e00000|  0%| F|  |TAMS 0x0000000085d00000, 0x0000000085d00000| Untracked 
|  34|0x0000000085e00000, 0x0000000085e00000, 0x0000000085f00000|  0%| F|  |TAMS 0x0000000085e00000, 0x0000000085e00000| Untracked 
|  35|0x0000000085f00000, 0x0000000085f00000, 0x0000000086000000|  0%| F|  |TAMS 0x0000000085f00000, 0x0000000085f00000| Untracked 
|  36|0x0000000086000000, 0x0000000086000000, 0x0000000086100000|  0%| F|  |TAMS 0x0000000086000000, 0x0000000086000000| Untracked 
|  37|0x0000000086100000, 0x0000000086100000, 0x0000000086200000|  0%| F|  |TAMS 0x0000000086100000, 0x0000000086100000| Untracked 
|  38|0x0000000086200000, 0x0000000086200000, 0x0000000086300000|  0%| F|  |TAMS 0x0000000086200000, 0x0000000086200000| Untracked 
|  39|0x0000000086300000, 0x0000000086300000, 0x0000000086400000|  0%| F|  |TAMS 0x0000000086300000, 0x0000000086300000| Untracked 
|  40|0x0000000086400000, 0x0000000086400000, 0x0000000086500000|  0%| F|  |TAMS 0x0000000086400000, 0x0000000086400000| Untracked 
|  41|0x0000000086500000, 0x0000000086500000, 0x0000000086600000|  0%| F|  |TAMS 0x0000000086500000, 0x0000000086500000| Untracked 
|  42|0x0000000086600000, 0x0000000086600000, 0x0000000086700000|  0%| F|  |TAMS 0x0000000086600000, 0x0000000086600000| Untracked 
|  43|0x0000000086700000, 0x0000000086700000, 0x0000000086800000|  0%| F|  |TAMS 0x0000000086700000, 0x0000000086700000| Untracked 
|  44|0x0000000086800000, 0x0000000086800000, 0x0000000086900000|  0%| F|  |TAMS 0x0000000086800000, 0x0000000086800000| Untracked 
|  45|0x0000000086900000, 0x0000000086900000, 0x0000000086a00000|  0%| F|  |TAMS 0x0000000086900000, 0x0000000086900000| Untracked 
|  46|0x0000000086a00000, 0x0000000086a00000, 0x0000000086b00000|  0%| F|  |TAMS 0x0000000086a00000, 0x0000000086a00000| Untracked 
|  47|0x0000000086b00000, 0x0000000086b00000, 0x0000000086c00000|  0%| F|  |TAMS 0x0000000086b00000, 0x0000000086b00000| Untracked 
|  48|0x0000000086c00000, 0x0000000086c00000, 0x0000000086d00000|  0%| F|  |TAMS 0x0000000086c00000, 0x0000000086c00000| Untracked 
|  49|0x0000000086d00000, 0x0000000086d00000, 0x0000000086e00000|  0%| F|  |TAMS 0x0000000086d00000, 0x0000000086d00000| Untracked 
|  50|0x0000000086e00000, 0x0000000086e00000, 0x0000000086f00000|  0%| F|  |TAMS 0x0000000086e00000, 0x0000000086e00000| Untracked 
|  51|0x0000000086f00000, 0x0000000086f00000, 0x0000000087000000|  0%| F|  |TAMS 0x0000000086f00000, 0x0000000086f00000| Untracked 
|  52|0x0000000087000000, 0x0000000087000000, 0x0000000087100000|  0%| F|  |TAMS 0x0000000087000000, 0x0000000087000000| Untracked 
|  53|0x0000000087100000, 0x0000000087100000, 0x0000000087200000|  0%| F|  |TAMS 0x0000000087100000, 0x0000000087100000| Untracked 
|  54|0x0000000087200000, 0x0000000087200000, 0x0000000087300000|  0%| F|  |TAMS 0x0000000087200000, 0x0000000087200000| Untracked 
|  55|0x0000000087300000, 0x0000000087300000, 0x0000000087400000|  0%| F|  |TAMS 0x0000000087300000, 0x0000000087300000| Untracked 
|  56|0x0000000087400000, 0x0000000087400000, 0x0000000087500000|  0%| F|  |TAMS 0x0000000087400000, 0x0000000087400000| Untracked 
|  57|0x0000000087500000, 0x0000000087500000, 0x0000000087600000|  0%| F|  |TAMS 0x0000000087500000, 0x0000000087500000| Untracked 
|  58|0x0000000087600000, 0x0000000087600000, 0x0000000087700000|  0%| F|  |TAMS 0x0000000087600000, 0x0000000087600000| Untracked 
|  59|0x0000000087700000, 0x0000000087700000, 0x0000000087800000|  0%| F|  |TAMS 0x0000000087700000, 0x0000000087700000| Untracked 
|  60|0x0000000087800000, 0x0000000087800000, 0x0000000087900000|  0%| F|  |TAMS 0x0000000087800000, 0x0000000087800000| Untracked 
|  61|0x0000000087900000, 0x0000000087900000, 0x0000000087a00000|  0%| F|  |TAMS 0x0000000087900000, 0x0000000087900000| Untracked 
|  62|0x0000000087a00000, 0x0000000087a00000, 0x0000000087b00000|  0%| F|  |TAMS 0x0000000087a00000, 0x0000000087a00000| Untracked 
|  63|0x0000000087b00000, 0x0000000087b00000, 0x0000000087c00000|  0%| F|  |TAMS 0x0000000087b00000, 0x0000000087b00000| Untracked 
|  64|0x0000000087c00000, 0x0000000087c00000, 0x0000000087d00000|  0%| F|  |TAMS 0x0000000087c00000, 0x0000000087c00000| Untracked 
|  65|0x0000000087d00000, 0x0000000087d00000, 0x0000000087e00000|  0%| F|  |TAMS 0x0000000087d00000, 0x0000000087d00000| Untracked 
|  66|0x0000000087e00000, 0x0000000087e00000, 0x0000000087f00000|  0%| F|  |TAMS 0x0000000087e00000, 0x0000000087e00000| Untracked 
|  67|0x0000000087f00000, 0x0000000087f00000, 0x0000000088000000|  0%| F|  |TAMS 0x0000000087f00000, 0x0000000087f00000| Untracked 
|  68|0x0000000088000000, 0x0000000088000000, 0x0000000088100000|  0%| F|  |TAMS 0x0000000088000000, 0x0000000088000000| Untracked 
|  69|0x0000000088100000, 0x0000000088100000, 0x0000000088200000|  0%| F|  |TAMS 0x0000000088100000, 0x0000000088100000| Untracked 
|  70|0x0000000088200000, 0x0000000088200000, 0x0000000088300000|  0%| F|  |TAMS 0x0000000088200000, 0x0000000088200000| Untracked 
|  71|0x0000000088300000, 0x0000000088300000, 0x0000000088400000|  0%| F|  |TAMS 0x0000000088300000, 0x0000000088300000| Untracked 
|  72|0x0000000088400000, 0x0000000088400000, 0x0000000088500000|  0%| F|  |TAMS 0x0000000088400000, 0x0000000088400000| Untracked 
|  73|0x0000000088500000, 0x0000000088500000, 0x0000000088600000|  0%| F|  |TAMS 0x0000000088500000, 0x0000000088500000| Untracked 
|  74|0x0000000088600000, 0x0000000088600000, 0x0000000088700000|  0%| F|  |TAMS 0x0000000088600000, 0x0000000088600000| Untracked 
|  75|0x0000000088700000, 0x0000000088700000, 0x0000000088800000|  0%| F|  |TAMS 0x0000000088700000, 0x0000000088700000| Untracked 
|  76|0x0000000088800000, 0x0000000088800000, 0x0000000088900000|  0%| F|  |TAMS 0x0000000088800000, 0x0000000088800000| Untracked 
|  77|0x0000000088900000, 0x0000000088900000, 0x0000000088a00000|  0%| F|  |TAMS 0x0000000088900000, 0x0000000088900000| Untracked 
|  78|0x0000000088a00000, 0x0000000088a00000, 0x0000000088b00000|  0%| F|  |TAMS 0x0000000088a00000, 0x0000000088a00000| Untracked 
|  79|0x0000000088b00000, 0x0000000088b00000, 0x0000000088c00000|  0%| F|  |TAMS 0x0000000088b00000, 0x0000000088b00000| Untracked 
|  80|0x0000000088c00000, 0x0000000088c00000, 0x0000000088d00000|  0%| F|  |TAMS 0x0000000088c00000, 0x0000000088c00000| Untracked 
|  81|0x0000000088d00000, 0x0000000088d00000, 0x0000000088e00000|  0%| F|  |TAMS 0x0000000088d00000, 0x0000000088d00000| Untracked 
|  82|0x0000000088e00000, 0x0000000088e00000, 0x0000000088f00000|  0%| F|  |TAMS 0x0000000088e00000, 0x0000000088e00000| Untracked 
|  83|0x0000000088f00000, 0x0000000088f00000, 0x0000000089000000|  0%| F|  |TAMS 0x0000000088f00000, 0x0000000088f00000| Untracked 
|  84|0x0000000089000000, 0x0000000089000000, 0x0000000089100000|  0%| F|  |TAMS 0x0000000089000000, 0x0000000089000000| Untracked 
|  85|0x0000000089100000, 0x0000000089100000, 0x0000000089200000|  0%| F|  |TAMS 0x0000000089100000, 0x0000000089100000| Untracked 
|  86|0x0000000089200000, 0x0000000089200000, 0x0000000089300000|  0%| F|  |TAMS 0x0000000089200000, 0x0000000089200000| Untracked 
|  87|0x0000000089300000, 0x0000000089300000, 0x0000000089400000|  0%| F|  |TAMS 0x0000000089300000, 0x0000000089300000| Untracked 
|  88|0x0000000089400000, 0x0000000089400000, 0x0000000089500000|  0%| F|  |TAMS 0x0000000089400000, 0x0000000089400000| Untracked 
|  89|0x0000000089500000, 0x0000000089500000, 0x0000000089600000|  0%| F|  |TAMS 0x0000000089500000, 0x0000000089500000| Untracked 
|  90|0x0000000089600000, 0x0000000089600000, 0x0000000089700000|  0%| F|  |TAMS 0x0000000089600000, 0x0000000089600000| Untracked 
|  91|0x0000000089700000, 0x0000000089700000, 0x0000000089800000|  0%| F|  |TAMS 0x0000000089700000, 0x0000000089700000| Untracked 
|  92|0x0000000089800000, 0x0000000089800000, 0x0000000089900000|  0%| F|  |TAMS 0x0000000089800000, 0x0000000089800000| Untracked 
|  93|0x0000000089900000, 0x0000000089900000, 0x0000000089a00000|  0%| F|  |TAMS 0x0000000089900000, 0x0000000089900000| Untracked 
|  94|0x0000000089a00000, 0x0000000089a00000, 0x0000000089b00000|  0%| F|  |TAMS 0x0000000089a00000, 0x0000000089a00000| Untracked 
|  95|0x0000000089b00000, 0x0000000089b00000, 0x0000000089c00000|  0%| F|  |TAMS 0x0000000089b00000, 0x0000000089b00000| Untracked 
|  96|0x0000000089c00000, 0x0000000089c00000, 0x0000000089d00000|  0%| F|  |TAMS 0x0000000089c00000, 0x0000000089c00000| Untracked 
|  97|0x0000000089d00000, 0x0000000089d00000, 0x0000000089e00000|  0%| F|  |TAMS 0x0000000089d00000, 0x0000000089d00000| Untracked 
|  98|0x0000000089e00000, 0x0000000089e00000, 0x0000000089f00000|  0%| F|  |TAMS 0x0000000089e00000, 0x0000000089e00000| Untracked 
|  99|0x0000000089f00000, 0x0000000089f00000, 0x000000008a000000|  0%| F|  |TAMS 0x0000000089f00000, 0x0000000089f00000| Untracked 
| 100|0x000000008a000000, 0x000000008a000000, 0x000000008a100000|  0%| F|  |TAMS 0x000000008a000000, 0x000000008a000000| Untracked 
| 101|0x000000008a100000, 0x000000008a100000, 0x000000008a200000|  0%| F|  |TAMS 0x000000008a100000, 0x000000008a100000| Untracked 
| 102|0x000000008a200000, 0x000000008a200000, 0x000000008a300000|  0%| F|  |TAMS 0x000000008a200000, 0x000000008a200000| Untracked 
| 103|0x000000008a300000, 0x000000008a300000, 0x000000008a400000|  0%| F|  |TAMS 0x000000008a300000, 0x000000008a300000| Untracked 
| 104|0x000000008a400000, 0x000000008a400000, 0x000000008a500000|  0%| F|  |TAMS 0x000000008a400000, 0x000000008a400000| Untracked 
| 105|0x000000008a500000, 0x000000008a500000, 0x000000008a600000|  0%| F|  |TAMS 0x000000008a500000, 0x000000008a500000| Untracked 
| 106|0x000000008a600000, 0x000000008a600000, 0x000000008a700000|  0%| F|  |TAMS 0x000000008a600000, 0x000000008a600000| Untracked 
| 107|0x000000008a700000, 0x000000008a700000, 0x000000008a800000|  0%| F|  |TAMS 0x000000008a700000, 0x000000008a700000| Untracked 
| 108|0x000000008a800000, 0x000000008a800000, 0x000000008a900000|  0%| F|  |TAMS 0x000000008a800000, 0x000000008a800000| Untracked 
| 109|0x000000008a900000, 0x000000008a900000, 0x000000008aa00000|  0%| F|  |TAMS 0x000000008a900000, 0x000000008a900000| Untracked 
| 110|0x000000008aa00000, 0x000000008aa00000, 0x000000008ab00000|  0%| F|  |TAMS 0x000000008aa00000, 0x000000008aa00000| Untracked 
| 111|0x000000008ab00000, 0x000000008ab00000, 0x000000008ac00000|  0%| F|  |TAMS 0x000000008ab00000, 0x000000008ab00000| Untracked 
| 112|0x000000008ac00000, 0x000000008ac00000, 0x000000008ad00000|  0%| F|  |TAMS 0x000000008ac00000, 0x000000008ac00000| Untracked 
| 113|0x000000008ad00000, 0x000000008ad00000, 0x000000008ae00000|  0%| F|  |TAMS 0x000000008ad00000, 0x000000008ad00000| Untracked 
| 114|0x000000008ae00000, 0x000000008ae00000, 0x000000008af00000|  0%| F|  |TAMS 0x000000008ae00000, 0x000000008ae00000| Untracked 
| 115|0x000000008af00000, 0x000000008af00000, 0x000000008b000000|  0%| F|  |TAMS 0x000000008af00000, 0x000000008af00000| Untracked 
| 116|0x000000008b000000, 0x000000008b000000, 0x000000008b100000|  0%| F|  |TAMS 0x000000008b000000, 0x000000008b000000| Untracked 
| 117|0x000000008b100000, 0x000000008b100000, 0x000000008b200000|  0%| F|  |TAMS 0x000000008b100000, 0x000000008b100000| Untracked 
| 118|0x000000008b200000, 0x000000008b200000, 0x000000008b300000|  0%| F|  |TAMS 0x000000008b200000, 0x000000008b200000| Untracked 
| 119|0x000000008b300000, 0x000000008b300000, 0x000000008b400000|  0%| F|  |TAMS 0x000000008b300000, 0x000000008b300000| Untracked 
| 120|0x000000008b400000, 0x000000008b400000, 0x000000008b500000|  0%| F|  |TAMS 0x000000008b400000, 0x000000008b400000| Untracked 
| 121|0x000000008b500000, 0x000000008b5ec0a0, 0x000000008b600000| 92%| E|  |TAMS 0x000000008b500000, 0x000000008b500000| Complete 
| 122|0x000000008b600000, 0x000000008b700000, 0x000000008b700000|100%| E|CS|TAMS 0x000000008b600000, 0x000000008b600000| Complete 
| 123|0x000000008b700000, 0x000000008b800000, 0x000000008b800000|100%| E|CS|TAMS 0x000000008b700000, 0x000000008b700000| Complete 
| 124|0x000000008b800000, 0x000000008b900000, 0x000000008b900000|100%| E|CS|TAMS 0x000000008b800000, 0x000000008b800000| Complete 
| 125|0x000000008b900000, 0x000000008ba00000, 0x000000008ba00000|100%| E|CS|TAMS 0x000000008b900000, 0x000000008b900000| Complete 

Card table byte_map: [0x0000017f3b5b0000,0x0000017f3b9a0000] _byte_map_base: 0x0000017f3b192000

Marking Bits (Prev, Next): (CMBitMap*) 0x0000017f22783600, (CMBitMap*) 0x0000017f22783640
 Prev Bits: [0x0000017f3bd90000, 0x0000017f3dca0000)
 Next Bits: [0x0000017f3dca0000, 0x0000017f3fbb0000)

Polling page: 0x0000017f22820000

Metaspace:

Usage:
  Non-class:      3.75 MB used.
      Class:    473.86 KB used.
       Both:      4.21 MB used.

Virtual space:
  Non-class space:        8.00 MB reserved,       3.81 MB ( 48%) committed,  1 nodes.
      Class space:        1.00 GB reserved,     512.00 KB ( <1%) committed,  1 nodes.
             Both:        1.01 GB reserved,       4.31 MB ( <1%) committed. 

Chunk freelists:
   Non-Class:  3.91 MB
       Class:  3.50 MB
        Both:  7.42 MB

MaxMetaspaceSize: unlimited
CompressedClassSpaceSize: 1.00 GB
Initial GC threshold: 21.00 MB
Current GC threshold: 21.00 MB
CDS: on
MetaspaceReclaimPolicy: balanced
 - commit_granule_bytes: 65536.
 - commit_granule_words: 8192.
 - virtual_space_node_default_size: 1048576.
 - enlarge_chunks_in_place: 1.
 - new_chunks_are_fully_committed: 0.
 - uncommit_free_chunks: 1.
 - use_allocation_guard: 0.
 - handle_deallocations: 1.


Internal statistics:

num_allocs_failed_limit: 0.
num_arena_births: 88.
num_arena_deaths: 0.
num_vsnodes_births: 2.
num_vsnodes_deaths: 0.
num_space_committed: 69.
num_space_uncommitted: 0.
num_chunks_returned_to_freelist: 0.
num_chunks_taken_from_freelist: 116.
num_chunk_merges: 0.
num_chunk_splits: 65.
num_chunks_enlarged: 20.
num_purges: 0.
num_inconsistent_stats: 0.

CodeHeap 'non-profiled nmethods': size=120000Kb used=150Kb max_used=150Kb free=119849Kb
 bounds [0x0000017f33230000, 0x0000017f334a0000, 0x0000017f3a760000]
CodeHeap 'profiled nmethods': size=120000Kb used=701Kb max_used=701Kb free=119298Kb
 bounds [0x0000017f2bd00000, 0x0000017f2bf70000, 0x0000017f33230000]
CodeHeap 'non-nmethods': size=5760Kb used=1197Kb max_used=1222Kb free=4562Kb
 bounds [0x0000017f2b760000, 0x0000017f2b9d0000, 0x0000017f2bd00000]
 total_blobs=988 nmethods=502 adapters=399
 compilation: enabled
              stopped_count=0, restarted_count=0
 full_count=0

Compilation events (20 events):
Event: 0.143 Thread 0x0000017f42658ae0 nmethod 490 0x0000017f2bdaa410 code [0x0000017f2bdaa600, 0x0000017f2bdaab98]
Event: 0.143 Thread 0x0000017f42658ae0  491       3       jdk.internal.logger.LazyLoggers$LazyLoggerWrapper::platformProxy (10 bytes)
Event: 0.144 Thread 0x0000017f42658ae0 nmethod 491 0x0000017f2bdaad10 code [0x0000017f2bdaaec0, 0x0000017f2bdab048]
Event: 0.144 Thread 0x0000017f42658ae0  492       3       java.lang.String::lastIndexOf (12 bytes)
Event: 0.144 Thread 0x0000017f43141a50  494       4       java.util.concurrent.ConcurrentHashMap::tabAt (22 bytes)
Event: 0.144 Thread 0x0000017f42658ae0 nmethod 492 0x0000017f2bdab110 code [0x0000017f2bdab300, 0x0000017f2bdab6f8]
Event: 0.144 Thread 0x0000017f42658040  496       4       java.nio.DirectByteBuffer::ix (10 bytes)
Event: 0.144 Thread 0x0000017f42658ae0  495       3       jdk.internal.jimage.ImageLocation::readValue (61 bytes)
Event: 0.144 Thread 0x0000017f42658ae0 nmethod 495 0x0000017f2bdab890 code [0x0000017f2bdaba60, 0x0000017f2bdabe38]
Event: 0.144 Thread 0x0000017f42658ae0  493       3       java.lang.String::lastIndexOf (29 bytes)
Event: 0.144 Thread 0x0000017f43141a50 nmethod 494 0x0000017f33254c10 code [0x0000017f33254d80, 0x0000017f33254dd8]
Event: 0.144 Thread 0x0000017f42658040 nmethod 496 0x0000017f33254f10 code [0x0000017f33255080, 0x0000017f332550f8]
Event: 0.144 Thread 0x0000017f42658ae0 nmethod 493 0x0000017f2bdac010 code [0x0000017f2bdac1e0, 0x0000017f2bdac478]
Event: 0.144 Thread 0x0000017f42658ae0  498       1       jdk.internal.jimage.ImageHeader::getTableLength (5 bytes)
Event: 0.145 Thread 0x0000017f42658ae0 nmethod 498 0x0000017f33255210 code [0x0000017f332553a0, 0x0000017f33255478]
Event: 0.148 Thread 0x0000017f42658ae0  499       3       java.io.WinNTFileSystem::isSlash (18 bytes)
Event: 0.148 Thread 0x0000017f42658ae0 nmethod 499 0x0000017f2bdac590 code [0x0000017f2bdac720, 0x0000017f2bdac8b8]
Event: 0.150 Thread 0x0000017f42658ae0  500       3       java.lang.String::checkBoundsOffCount (64 bytes)
Event: 0.150 Thread 0x0000017f42658ae0 nmethod 500 0x0000017f2bdac990 code [0x0000017f2bdacc20, 0x0000017f2bdad518]
Event: 0.150 Thread 0x0000017f42658ae0  504       3       java.util.Properties::loadConvert (540 bytes)

GC Heap History (0 events):
No events

Deoptimization events (4 events):
Event: 0.117 Thread 0x0000017f2273dd90 Uncommon trap: trap_request=0xffffff45 fr.pc=0x0000017f3323e84c relative=0x000000000000086c
Event: 0.117 Thread 0x0000017f2273dd90 Uncommon trap: reason=unstable_if action=reinterpret pc=0x0000017f3323e84c method=java.util.HashMap.putVal(ILjava/lang/Object;Ljava/lang/Object;ZZ)Ljava/lang/Object; @ 81 c2
Event: 0.117 Thread 0x0000017f2273dd90 DEOPT PACKING pc=0x0000017f3323e84c sp=0x00000051308fe130
Event: 0.117 Thread 0x0000017f2273dd90 DEOPT UNPACKING pc=0x0000017f2b7b5c23 sp=0x00000051308fe0d0 mode 2

Classes unloaded (0 events):
No events

Classes redefined (0 events):
No events

Internal exceptions (14 events):
Event: 0.037 Thread 0x0000017f2273dd90 Exception <a 'sun/nio/fs/WindowsException'{0x000000008b83fa08}> (0x000000008b83fa08) 
thrown [t:\workspace\open\src\hotspot\share\prims\jni.cpp, line 516]
Event: 0.038 Thread 0x0000017f2273dd90 Exception <a 'sun/nio/fs/WindowsException'{0x000000008b83ff68}> (0x000000008b83ff68) 
thrown [t:\workspace\open\src\hotspot\share\prims\jni.cpp, line 516]
Event: 0.038 Thread 0x0000017f2273dd90 Exception <a 'sun/nio/fs/WindowsException'{0x000000008b842338}> (0x000000008b842338) 
thrown [t:\workspace\open\src\hotspot\share\prims\jni.cpp, line 516]
Event: 0.038 Thread 0x0000017f2273dd90 Exception <a 'sun/nio/fs/WindowsException'{0x000000008b842e28}> (0x000000008b842e28) 
thrown [t:\workspace\open\src\hotspot\share\prims\jni.cpp, line 516]
Event: 0.060 Thread 0x0000017f2273dd90 Exception <a 'java/lang/ClassNotFoundException'{0x000000008b8ea020}: sun/awt/resources/spi/awtProvider> (0x000000008b8ea020) 
thrown [t:\workspace\open\src\hotspot\share\classfile\systemDictionary.cpp, line 256]
Event: 0.072 Thread 0x0000017f2273dd90 Exception <a 'java/io/FileNotFoundException'{0x000000008b73d798}> (0x000000008b73d798) 
thrown [t:\workspace\open\src\hotspot\share\prims\jni.cpp, line 516]
Event: 0.076 Thread 0x0000017f2273dd90 Exception <a 'java/io/FileNotFoundException'{0x000000008b76a728}> (0x000000008b76a728) 
thrown [t:\workspace\open\src\hotspot\share\prims\jni.cpp, line 516]
Event: 0.097 Thread 0x0000017f2273dd90 Exception <a 'java/lang/NoSuchMethodError'{0x000000008b7aeb78}: 'java.lang.Object java.lang.invoke.DirectMethodHandle$Holder.invokeStaticInit(java.lang.Object)'> (0x000000008b7aeb78) 
thrown [t:\workspace\open\src\hotspot\share\interpreter\linkResolver.cpp, line 766]
Event: 0.118 Thread 0x0000017f2273dd90 Exception <a 'java/lang/NoSuchMethodError'{0x000000008b60c728}: 'void java.lang.invoke.DirectMethodHandle$Holder.invokeSpecial(java.lang.Object, java.lang.Object, java.lang.Object)'> (0x000000008b60c728) 
thrown [t:\workspace\open\src\hotspot\share\interpreter\linkResolver.cpp, line 766]
Event: 0.123 Thread 0x0000017f2273dd90 Exception <a 'java/lang/NoSuchMethodError'{0x000000008b636890}: 'java.lang.Object java.lang.invoke.DirectMethodHandle$Holder.newInvokeSpecial(java.lang.Object, java.lang.Object, java.lang.Object, java.lang.Object, java.lang.Object)'> (0x000000008b636890) 
thrown [t:\workspace\open\src\hotspot\share\interpreter\linkResolver.cpp, line 766]
Event: 0.123 Thread 0x0000017f2273dd90 Exception <a 'java/lang/NoSuchMethodError'{0x000000008b642258}: 'java.lang.Object java.lang.invoke.DirectMethodHandle$Holder.invokeStatic(java.lang.Object, int, java.lang.Object, java.lang.Object, java.lang.Object, java.lang.Object)'> (0x000000008b642258) 
thrown [t:\workspace\open\src\hotspot\share\interpreter\linkResolver.cpp, line 766]
Event: 0.126 Thread 0x0000017f2273dd90 Exception <a 'java/lang/NoSuchMethodError'{0x000000008b667a18}: 'java.lang.Object java.lang.invoke.DirectMethodHandle$Holder.invokeStatic(java.lang.Object, int, java.lang.Object)'> (0x000000008b667a18) 
thrown [t:\workspace\open\src\hotspot\share\interpreter\linkResolver.cpp, line 766]
Event: 0.138 Thread 0x0000017f2273dd90 Exception <a 'java/lang/ClassNotFoundException'{0x000000008b51fbd8}: com/sun/swing/internal/plaf/metal/resources/spi/metalProvider> (0x000000008b51fbd8) 
thrown [t:\workspace\open\src\hotspot\share\classfile\systemDictionary.cpp, line 256]
Event: 0.139 Thread 0x0000017f2273dd90 Exception <a 'java/lang/ClassNotFoundException'{0x000000008b523a80}: com/sun/swing/internal/plaf/basic/resources/spi/basicProvider> (0x000000008b523a80) 
thrown [t:\workspace\open\src\hotspot\share\classfile\systemDictionary.cpp, line 256]

VM Operations (2 events):
Event: 0.039 Executing VM operation: HandshakeAllThreads
Event: 0.039 Executing VM operation: HandshakeAllThreads done

Events (20 events):
Event: 0.149 loading class sun/net/www/MessageHeader done
Event: 0.149 loading class sun/net/ProgressMonitor
Event: 0.149 loading class sun/net/ProgressMonitor done
Event: 0.149 loading class sun/net/DefaultProgressMeteringPolicy
Event: 0.149 loading class sun/net/ProgressMeteringPolicy
Event: 0.149 loading class sun/net/ProgressMeteringPolicy done
Event: 0.149 loading class sun/net/DefaultProgressMeteringPolicy done
Event: 0.149 loading class java/net/URLConnection$1
Event: 0.149 loading class java/net/FileNameMap
Event: 0.149 loading class java/net/FileNameMap done
Event: 0.149 loading class java/net/URLConnection$1 done
Event: 0.149 loading class sun/net/www/MimeTable
Event: 0.149 loading class sun/net/www/MimeTable done
Event: 0.149 loading class sun/net/www/MimeTable$1
Event: 0.149 loading class sun/net/www/MimeTable$1 done
Event: 0.150 loading class sun/net/www/MimeTable$DefaultInstanceHolder
Event: 0.150 loading class sun/net/www/MimeTable$DefaultInstanceHolder done
Event: 0.150 loading class sun/net/www/MimeTable$DefaultInstanceHolder$1
Event: 0.150 loading class sun/net/www/MimeTable$DefaultInstanceHolder$1 done
Event: 0.150 loading class sun/net/www/MimeEntry


Dynamic libraries:
0x00007ff65a2b0000 - 0x00007ff65a2c0000 	C:\Program Files\Java\jdk-17.0.1\bin\java.exe
0x00007ff876a70000 - 0x00007ff876c68000 	C:\Windows\SYSTEM32\ntdll.dll
0x00007ff875750000 - 0x00007ff87580d000 	C:\Windows\System32\KERNEL32.DLL
0x00007ff874370000 - 0x00007ff874666000 	C:\Windows\System32\KERNELBASE.dll
0x00007ff8749d0000 - 0x00007ff874ad0000 	C:\Windows\System32\ucrtbase.dll
0x00007ff86d8c0000 - 0x00007ff86d8d8000 	C:\Program Files\Java\jdk-17.0.1\bin\jli.dll
0x00007ff86c9c0000 - 0x00007ff86c9da000 	C:\Program Files\Java\jdk-17.0.1\bin\VCRUNTIME140.dll
0x00007ff875840000 - 0x00007ff8758ee000 	C:\Windows\System32\ADVAPI32.dll
0x00007ff875010000 - 0x00007ff8750ae000 	C:\Windows\System32\msvcrt.dll
0x00007ff875b00000 - 0x00007ff875b9c000 	C:\Windows\System32\sechost.dll
0x00007ff875da0000 - 0x00007ff875ec6000 	C:\Windows\System32\RPCRT4.dll
0x00007ff875f40000 - 0x00007ff8760de000 	C:\Windows\System32\USER32.dll
0x00007ff8749a0000 - 0x00007ff8749c2000 	C:\Windows\System32\win32u.dll
0x00007ff875810000 - 0x00007ff87583c000 	C:\Windows\System32\GDI32.dll
0x00007ff8747d0000 - 0x00007ff8748ea000 	C:\Windows\System32\gdi32full.dll
0x00007ff860ba0000 - 0x00007ff860e3a000 	C:\Windows\WinSxS\amd64_microsoft.windows.common-controls_6595b64144ccf1df_6.0.19041.1110_none_60b5254171f9507e\COMCTL32.dll
0x00007ff8746a0000 - 0x00007ff87473d000 	C:\Windows\System32\msvcp_win.dll
0x00007ff8696a0000 - 0x00007ff8696aa000 	C:\Windows\SYSTEM32\VERSION.dll
0x00007ff876a00000 - 0x00007ff876a30000 	C:\Windows\System32\IMM32.DLL
0x00007ff86f7f0000 - 0x00007ff86f7fc000 	C:\Program Files\Java\jdk-17.0.1\bin\vcruntime140_1.dll
0x00007ff8539a0000 - 0x00007ff853a2d000 	C:\Program Files\Java\jdk-17.0.1\bin\msvcp140.dll
0x00007ff832960000 - 0x00007ff83351e000 	C:\Program Files\Java\jdk-17.0.1\bin\server\jvm.dll
0x00007ff8750b0000 - 0x00007ff8750b8000 	C:\Windows\System32\PSAPI.DLL
0x00007ff8538e0000 - 0x00007ff853907000 	C:\Windows\SYSTEM32\WINMM.dll
0x00007ff86c850000 - 0x00007ff86c859000 	C:\Windows\SYSTEM32\WSOCK32.dll
0x00007ff875ed0000 - 0x00007ff875f3b000 	C:\Windows\System32\WS2_32.dll
0x00007ff872970000 - 0x00007ff872982000 	C:\Windows\SYSTEM32\kernel.appcore.dll
0x00007ff86d420000 - 0x00007ff86d42a000 	C:\Program Files\Java\jdk-17.0.1\bin\jimage.dll
0x00007ff871ec0000 - 0x00007ff8720a4000 	C:\Windows\SYSTEM32\DBGHELP.DLL
0x00007ff858220000 - 0x00007ff858254000 	C:\Windows\SYSTEM32\dbgcore.DLL
0x00007ff874740000 - 0x00007ff8747c2000 	C:\Windows\System32\bcryptPrimitives.dll
0x00007ff863240000 - 0x00007ff863265000 	C:\Program Files\Java\jdk-17.0.1\bin\java.dll
0x00007ff856850000 - 0x00007ff856926000 	C:\Program Files\Java\jdk-17.0.1\bin\svml.dll
0x00007ff876210000 - 0x00007ff876955000 	C:\Windows\System32\SHELL32.dll
0x00007ff8721c0000 - 0x00007ff87295b000 	C:\Windows\SYSTEM32\windows.storage.dll
0x00007ff875370000 - 0x00007ff8756c4000 	C:\Windows\System32\combase.dll
0x00007ff873ac0000 - 0x00007ff873aee000 	C:\Windows\SYSTEM32\Wldp.dll
0x00007ff876160000 - 0x00007ff87620d000 	C:\Windows\System32\SHCORE.dll
0x00007ff875c60000 - 0x00007ff875cb5000 	C:\Windows\System32\shlwapi.dll
0x00007ff874080000 - 0x00007ff8740a5000 	C:\Windows\SYSTEM32\profapi.dll
0x00007ff86c9a0000 - 0x00007ff86c9b9000 	C:\Program Files\Java\jdk-17.0.1\bin\net.dll
0x00007ff86e420000 - 0x00007ff86e52a000 	C:\Windows\SYSTEM32\WINHTTP.dll
0x00007ff873820000 - 0x00007ff87388a000 	C:\Windows\system32\mswsock.dll
0x00007ff86c8b0000 - 0x00007ff86c8c5000 	C:\Program Files\Java\jdk-17.0.1\bin\nio.dll
0x00007ff86c0e0000 - 0x00007ff86c0f8000 	C:\Program Files\Java\jdk-17.0.1\bin\zip.dll
0x00007ff8373c0000 - 0x00007ff83754f000 	C:\Program Files\Java\jdk-17.0.1\bin\awt.dll
0x00007ff874ad0000 - 0x00007ff874b9d000 	C:\Windows\System32\OLEAUT32.dll
0x00007ff871530000 - 0x00007ff8715c1000 	C:\Windows\SYSTEM32\apphelp.dll
0x00007ff871910000 - 0x00007ff87193f000 	C:\Windows\system32\DWMAPI.DLL
0x00007ff871710000 - 0x00007ff8717ae000 	C:\Windows\system32\uxtheme.dll
0x00007ff859150000 - 0x00007ff859275000 	C:\Windows\system32\opengl32.dll
0x00007ff86d1a0000 - 0x00007ff86d1cc000 	C:\Windows\SYSTEM32\GLU32.dll
0x00007ff875250000 - 0x00007ff875364000 	C:\Windows\System32\MSCTF.dll
0x00007ff875120000 - 0x00007ff87524a000 	C:\Windows\System32\ole32.dll

dbghelp: loaded successfully - version: 4.0.5 - missing functions: none
symbol engine: initialized successfully - sym options: 0x614 - pdb path: .;C:\Program Files\Java\jdk-17.0.1\bin;C:\Windows\SYSTEM32;C:\Windows\WinSxS\amd64_microsoft.windows.common-controls_6595b64144ccf1df_6.0.19041.1110_none_60b5254171f9507e;C:\Program Files\Java\jdk-17.0.1\bin\server

VM Arguments:
jvm_args: -Dfile.encoding=UTF-8 --module-path=C:\Users\HP\Documents\NetBeansProjects\bank management system\build\classes 
java_command: bank.management.system.Login
java_class_path (initial): C:\Users\HP\Downloads\jcalendar-tz-1.3.3-4.jar;C:\Users\HP\Documents\NetBeansProjects\bank management system\build\classes
Launcher Type: SUN_STANDARD

[Global flags]
     intx CICompilerCount                          = 4                                         {product} {ergonomic}
     uint ConcGCThreads                            = 2                                         {product} {ergonomic}
     uint G1ConcRefinementThreads                  = 8                                         {product} {ergonomic}
   size_t G1HeapRegionSize                         = 1048576                                   {product} {ergonomic}
    uintx GCDrainStackTargetSize                   = 64                                        {product} {ergonomic}
   size_t InitialHeapSize                          = 132120576                                 {product} {ergonomic}
   size_t MarkStackSize                            = 4194304                                   {product} {ergonomic}
   size_t MaxHeapSize                              = 2084569088                                {product} {ergonomic}
   size_t MaxNewSize                               = 1249902592                                {product} {ergonomic}
   size_t MinHeapDeltaBytes                        = 1048576                                   {product} {ergonomic}
   size_t MinHeapSize                              = 8388608                                   {product} {ergonomic}
    uintx NonNMethodCodeHeapSize                   = 5839372                                {pd product} {ergonomic}
    uintx NonProfiledCodeHeapSize                  = 122909434                              {pd product} {ergonomic}
    uintx ProfiledCodeHeapSize                     = 122909434                              {pd product} {ergonomic}
    uintx ReservedCodeCacheSize                    = 251658240                              {pd product} {ergonomic}
     bool SegmentedCodeCache                       = true                                      {product} {ergonomic}
   size_t SoftMaxHeapSize                          = 2084569088                             {manageable} {ergonomic}
     bool UseCompressedClassPointers               = true                           {product lp64_product} {ergonomic}
     bool UseCompressedOops                        = true                           {product lp64_product} {ergonomic}
     bool UseG1GC                                  = true                                      {product} {ergonomic}
     bool UseLargePagesIndividualAllocation        = false                                  {pd product} {ergonomic}

Logging:
Log output configuration:
 #0: stdout all=warning uptime,level,tags
 #1: stderr all=off uptime,level,tags

Environment Variables:
PATH=C:\Program Files (x86)\Common Files\Intel\Shared Libraries\redist\intel64\compiler;C:\Program Files\Common Files\Oracle\Java\javapath;C:\Program Files (x86)\VMware\VMware Workstation\bin\;C:\Windows\system32;C:\Windows;C:\Windows\System32\Wbem;C:\Windows\System32\WindowsPowerShell\v1.0\;C:\Windows\System32\OpenSSH\;C:\Program Files (x86)\NVIDIA Corporation\PhysX\Common;C:\Users\HP\AppData\Local\Programs\Python\Python310\Scripts\;C:\Users\HP\AppData\Local\Programs\Python\Python310\;C:\Users\HP\AppData\Local\Microsoft\WindowsApps;C:\Users\HP\AppData\Local\Programs\Microsoft VS Code\bin;C:\Users\HP\AppData\Local\GitHubDesktop\bin;C:\src\flutter\bin;
USERNAME=HP
OS=Windows_NT
PROCESSOR_IDENTIFIER=Intel64 Family 6 Model 140 Stepping 1, GenuineIntel



---------------  S Y S T E M  ---------------

OS:
 Windows 10 , 64 bit Build 19041 (10.0.19041.3393)
OS uptime: 18 days 5:44 hours

CPU: total 8 (initial active 8) (4 cores per cpu, 2 threads per core) family 6 model 140 stepping 1 microcode 0x86, cx8, cmov, fxsr, ht, mmx, 3dnowpref, sse, sse2, sse3, ssse3, sse4.1, sse4.2, popcnt, lzcnt, tsc, tscinvbit, avx, avx2, aes, erms, clmul, bmi1, bmi2, adx, avx512f, avx512dq, avx512cd, avx512bw, avx512vl, sha, fma, vzeroupper, avx512_vpopcntdq, avx512_vpclmulqdq, avx512_vaes, avx512_vnni, clflush, clflushopt, clwb, avx512_vbmi2, avx512_vbmi

Memory: 4k page, system-wide physical 7948M (579M free)
TotalPageFile size 32524M (AvailPageFile size 3M)
current process WorkingSet (physical memory assigned to process): 45M, peak: 45M
current process commit charge ("private bytes"): 215M, peak: 215M

vm_info: Java HotSpot(TM) 64-Bit Server VM (17.0.1+12-LTS-39) for windows-amd64 JRE (17.0.1+12-LTS-39), built on Sep 27 2021 18:41:35 by "mach5one" with MS VC++ 16.8 (VS2019)

END.
